Base path: D:/Unity/Editor/Data
Cmd: getPlatforms
Cmd: compileSnippet
  api=4 type=0 insize=13030 outsize=5421 kw=UNITY_COLORSPACE_GAMMA _SUNDISK_SIMPLE pd=UNITY_ENABLE_REFLECTION_BUFFERS UNITY_PBS_USE_BRDF1 UNITY_SPECCUBE_BOX_PROJECTION UNITY_SPECCUBE_BLENDING ok=1
Cmd: compileSnippet
  api=4 type=1 insize=13030 outsize=929 kw=UNITY_COLORSPACE_GAMMA _SUNDISK_SIMPLE pd=UNITY_ENABLE_REFLECTION_BUFFERS UNITY_PBS_USE_BRDF1 UNITY_SPECCUBE_BOX_PROJECTION UNITY_SPECCUBE_BLENDING ok=1
Cmd: preprocess
  insize=1225 outsize=1222 ok=1
Cmd: preprocess
  insize=1873 outsize=987 ok=1
Cmd: compileSnippet
  api=4 type=0 insize=1185 outsize=641 kw= pd=UNITY_ENABLE_REFLECTION_BUFFERS UNITY_PBS_USE_BRDF1 UNITY_SPECCUBE_BOX_PROJECTION UNITY_SPECCUBE_BLENDING ok=1
Cmd: compileSnippet
  api=4 type=1 insize=1185 outsize=517 kw= pd=UNITY_ENABLE_REFLECTION_BUFFERS UNITY_PBS_USE_BRDF1 UNITY_SPECCUBE_BOX_PROJECTION UNITY_SPECCUBE_BLENDING ok=1
Cmd: preprocess
  insize=1370 outsize=485 ok=1
Cmd: compileSnippet
  api=4 type=0 insize=1187 outsize=529 kw= pd=UNITY_ENABLE_REFLECTION_BUFFERS UNITY_PBS_USE_BRDF1 UNITY_SPECCUBE_BOX_PROJECTION UNITY_SPECCUBE_BLENDING ok=1
Cmd: compileSnippet
  api=4 type=1 insize=1187 outsize=405 kw= pd=UNITY_ENABLE_REFLECTION_BUFFERS UNITY_PBS_USE_BRDF1 UNITY_SPECCUBE_BOX_PROJECTION UNITY_SPECCUBE_BLENDING ok=1
Cmd: preprocess
  insize=2274 outsize=1036 ok=1
Cmd: compileSnippet
  api=4 type=0 insize=1537 outsize=629 kw=SOFTPARTICLES_OFF pd=UNITY_ENABLE_REFLECTION_BUFFERS UNITY_PBS_USE_BRDF1 UNITY_SPECCUBE_BOX_PROJECTION UNITY_SPECCUBE_BLENDING ok=1
Cmd: compileSnippet
  api=4 type=1 insize=1537 outsize=449 kw=SOFTPARTICLES_OFF pd=UNITY_ENABLE_REFLECTION_BUFFERS UNITY_PBS_USE_BRDF1 UNITY_SPECCUBE_BOX_PROJECTION UNITY_SPECCUBE_BLENDING ok=1
Cmd: preprocess
  insize=1321 outsize=356 ok=1
Cmd: compileSnippet
  api=4 type=0 insize=1264 outsize=609 kw= pd=UNITY_ENABLE_REFLECTION_BUFFERS UNITY_PBS_USE_BRDF1 UNITY_SPECCUBE_BOX_PROJECTION UNITY_SPECCUBE_BLENDING ok=1
Cmd: compileSnippet
  api=4 type=1 insize=1264 outsize=549 kw= pd=UNITY_ENABLE_REFLECTION_BUFFERS UNITY_PBS_USE_BRDF1 UNITY_SPECCUBE_BOX_PROJECTION UNITY_SPECCUBE_BLENDING ok=1
Cmd: compileSnippet
  api=4 type=0 insize=751 outsize=1733 kw=SHADOWS_DEPTH pd=UNITY_ENABLE_REFLECTION_BUFFERS UNITY_PBS_USE_BRDF1 UNITY_SPECCUBE_BOX_PROJECTION UNITY_SPECCUBE_BLENDING ok=1
Cmd: compileSnippet
  api=4 type=1 insize=751 outsize=181 kw=SHADOWS_DEPTH pd=UNITY_ENABLE_REFLECTION_BUFFERS UNITY_PBS_USE_BRDF1 UNITY_SPECCUBE_BOX_PROJECTION UNITY_SPECCUBE_BLENDING ok=1
Cmd: compileSnippet
  api=4 type=0 insize=965 outsize=1953 kw=DIRECTIONAL SHADOWS_OFF LIGHTMAP_OFF DIRLIGHTMAP_OFF DYNAMICLIGHTMAP_OFF _DETAIL_MULX2 pd=UNITY_ENABLE_REFLECTION_BUFFERS UNITY_PBS_USE_BRDF1 UNITY_SPECCUBE_BOX_PROJECTION UNITY_SPECCUBE_BLENDING ok=1
Cmd: compileSnippet
  api=4 type=1 insize=965 outsize=5789 kw=DIRECTIONAL SHADOWS_OFF LIGHTMAP_OFF DIRLIGHTMAP_OFF DYNAMICLIGHTMAP_OFF _DETAIL_MULX2 pd=UNITY_ENABLE_REFLECTION_BUFFERS UNITY_PBS_USE_BRDF1 UNITY_SPECCUBE_BOX_PROJECTION UNITY_SPECCUBE_BLENDING ok=1
Cmd: compileSnippet
  api=4 type=0 insize=923 outsize=2013 kw=DIRECTIONAL SHADOWS_OFF _DETAIL_MULX2 pd=UNITY_ENABLE_REFLECTION_BUFFERS UNITY_PBS_USE_BRDF1 UNITY_SPECCUBE_BOX_PROJECTION UNITY_SPECCUBE_BLENDING ok=1
Cmd: compileSnippet
  api=4 type=1 insize=923 outsize=3137 kw=DIRECTIONAL SHADOWS_OFF _DETAIL_MULX2 pd=UNITY_ENABLE_REFLECTION_BUFFERS UNITY_PBS_USE_BRDF1 UNITY_SPECCUBE_BOX_PROJECTION UNITY_SPECCUBE_BLENDING ok=1
Cmd: compileSnippet
  api=4 type=0 insize=965 outsize=1953 kw=DIRECTIONAL SHADOWS_OFF LIGHTMAP_OFF DIRLIGHTMAP_OFF DYNAMICLIGHTMAP_OFF pd=UNITY_ENABLE_REFLECTION_BUFFERS UNITY_PBS_USE_BRDF1 UNITY_SPECCUBE_BOX_PROJECTION UNITY_SPECCUBE_BLENDING ok=1
Cmd: compileSnippet
  api=4 type=1 insize=965 outsize=5533 kw=DIRECTIONAL SHADOWS_OFF LIGHTMAP_OFF DIRLIGHTMAP_OFF DYNAMICLIGHTMAP_OFF pd=UNITY_ENABLE_REFLECTION_BUFFERS UNITY_PBS_USE_BRDF1 UNITY_SPECCUBE_BOX_PROJECTION UNITY_SPECCUBE_BLENDING ok=1
Cmd: compileSnippet
  api=4 type=0 insize=923 outsize=2013 kw=DIRECTIONAL SHADOWS_OFF pd=UNITY_ENABLE_REFLECTION_BUFFERS UNITY_PBS_USE_BRDF1 UNITY_SPECCUBE_BOX_PROJECTION UNITY_SPECCUBE_BLENDING ok=1
Cmd: compileSnippet
  api=4 type=1 insize=923 outsize=2881 kw=DIRECTIONAL SHADOWS_OFF pd=UNITY_ENABLE_REFLECTION_BUFFERS UNITY_PBS_USE_BRDF1 UNITY_SPECCUBE_BOX_PROJECTION UNITY_SPECCUBE_BLENDING ok=1
Cmd: compileSnippet
  api=4 type=0 insize=751 outsize=1853 kw=SHADOWS_DEPTH _ALPHAPREMULTIPLY_ON pd=UNITY_ENABLE_REFLECTION_BUFFERS UNITY_PBS_USE_BRDF1 UNITY_SPECCUBE_BOX_PROJECTION UNITY_SPECCUBE_BLENDING ok=1
Cmd: compileSnippet
  api=4 type=1 insize=751 outsize=601 kw=SHADOWS_DEPTH _ALPHAPREMULTIPLY_ON pd=UNITY_ENABLE_REFLECTION_BUFFERS UNITY_PBS_USE_BRDF1 UNITY_SPECCUBE_BOX_PROJECTION UNITY_SPECCUBE_BLENDING ok=1
Cmd: compileSnippet
  api=4 type=0 insize=965 outsize=1953 kw=DIRECTIONAL SHADOWS_OFF LIGHTMAP_OFF DIRLIGHTMAP_OFF DYNAMICLIGHTMAP_OFF _ALPHAPREMULTIPLY_ON pd=UNITY_ENABLE_REFLECTION_BUFFERS UNITY_PBS_USE_BRDF1 UNITY_SPECCUBE_BOX_PROJECTION UNITY_SPECCUBE_BLENDING ok=1
Cmd: compileSnippet
  api=4 type=1 insize=965 outsize=5549 kw=DIRECTIONAL SHADOWS_OFF LIGHTMAP_OFF DIRLIGHTMAP_OFF DYNAMICLIGHTMAP_OFF _ALPHAPREMULTIPLY_ON pd=UNITY_ENABLE_REFLECTION_BUFFERS UNITY_PBS_USE_BRDF1 UNITY_SPECCUBE_BOX_PROJECTION UNITY_SPECCUBE_BLENDING ok=1
Cmd: compileSnippet
  api=4 type=0 insize=923 outsize=2013 kw=DIRECTIONAL SHADOWS_OFF _ALPHAPREMULTIPLY_ON pd=UNITY_ENABLE_REFLECTION_BUFFERS UNITY_PBS_USE_BRDF1 UNITY_SPECCUBE_BOX_PROJECTION UNITY_SPECCUBE_BLENDING ok=1
Cmd: compileSnippet
  api=4 type=1 insize=923 outsize=2957 kw=DIRECTIONAL SHADOWS_OFF _ALPHAPREMULTIPLY_ON pd=UNITY_ENABLE_REFLECTION_BUFFERS UNITY_PBS_USE_BRDF1 UNITY_SPECCUBE_BOX_PROJECTION UNITY_SPECCUBE_BLENDING ok=1
Cmd: compileSnippet
  api=4 type=0 insize=1705 outsize=629 kw=SOFTPARTICLES_OFF pd=UNITY_ENABLE_REFLECTION_BUFFERS UNITY_PBS_USE_BRDF1 UNITY_SPECCUBE_BOX_PROJECTION UNITY_SPECCUBE_BLENDING ok=1
Cmd: compileSnippet
  api=4 type=1 insize=1705 outsize=449 kw=SOFTPARTICLES_OFF pd=UNITY_ENABLE_REFLECTION_BUFFERS UNITY_PBS_USE_BRDF1 UNITY_SPECCUBE_BOX_PROJECTION UNITY_SPECCUBE_BLENDING ok=1
Cmd: compileSnippet
  api=4 type=0 insize=1470 outsize=621 kw= pd=UNITY_ENABLE_REFLECTION_BUFFERS UNITY_PBS_USE_BRDF1 UNITY_SPECCUBE_BOX_PROJECTION UNITY_SPECCUBE_BLENDING ok=1
Cmd: compileSnippet
  api=4 type=1 insize=1470 outsize=373 kw= pd=UNITY_ENABLE_REFLECTION_BUFFERS UNITY_PBS_USE_BRDF1 UNITY_SPECCUBE_BOX_PROJECTION UNITY_SPECCUBE_BLENDING ok=1
Cmd: compileSnippet
  api=4 type=0 insize=751 outsize=1733 kw=SHADOWS_DEPTH pd=UNITY_ENABLE_REFLECTION_BUFFERS UNITY_PBS_USE_BRDF1 UNITY_SPECCUBE_BOX_PROJECTION UNITY_SPECCUBE_BLENDING ok=1
Cmd: compileSnippet
  api=4 type=1 insize=751 outsize=181 kw=SHADOWS_DEPTH pd=UNITY_ENABLE_REFLECTION_BUFFERS UNITY_PBS_USE_BRDF1 UNITY_SPECCUBE_BOX_PROJECTION UNITY_SPECCUBE_BLENDING ok=1
Cmd: compileSnippet
  api=4 type=0 insize=970 outsize=1953 kw=DIRECTIONAL SHADOWS_OFF LIGHTMAP_OFF DIRLIGHTMAP_OFF DYNAMICLIGHTMAP_OFF pd=UNITY_ENABLE_REFLECTION_BUFFERS UNITY_PBS_USE_BRDF1 UNITY_SPECCUBE_BOX_PROJECTION UNITY_SPECCUBE_BLENDING ok=1
Cmd: compileSnippet
  api=4 type=1 insize=970 outsize=5589 kw=DIRECTIONAL SHADOWS_OFF LIGHTMAP_OFF DIRLIGHTMAP_OFF DYNAMICLIGHTMAP_OFF pd=UNITY_ENABLE_REFLECTION_BUFFERS UNITY_PBS_USE_BRDF1 UNITY_SPECCUBE_BOX_PROJECTION UNITY_SPECCUBE_BLENDING ok=1
Cmd: compileSnippet
  api=4 type=0 insize=927 outsize=2013 kw=DIRECTIONAL SHADOWS_OFF pd=UNITY_ENABLE_REFLECTION_BUFFERS UNITY_PBS_USE_BRDF1 UNITY_SPECCUBE_BOX_PROJECTION UNITY_SPECCUBE_BLENDING ok=1
Cmd: compileSnippet
  api=4 type=1 insize=927 outsize=2917 kw=DIRECTIONAL SHADOWS_OFF pd=UNITY_ENABLE_REFLECTION_BUFFERS UNITY_PBS_USE_BRDF1 UNITY_SPECCUBE_BOX_PROJECTION UNITY_SPECCUBE_BLENDING ok=1
Cmd: compileSnippet
  api=4 type=0 insize=1811 outsize=629 kw=SOFTPARTICLES_OFF pd=UNITY_ENABLE_REFLECTION_BUFFERS UNITY_PBS_USE_BRDF1 UNITY_SPECCUBE_BOX_PROJECTION UNITY_SPECCUBE_BLENDING ok=1
Cmd: compileSnippet
  api=4 type=1 insize=1811 outsize=541 kw=SOFTPARTICLES_OFF pd=UNITY_ENABLE_REFLECTION_BUFFERS UNITY_PBS_USE_BRDF1 UNITY_SPECCUBE_BOX_PROJECTION UNITY_SPECCUBE_BLENDING ok=1
Cmd: compileSnippet
  api=4 type=0 insize=965 outsize=1953 kw=DIRECTIONAL SHADOWS_OFF LIGHTMAP_OFF DIRLIGHTMAP_OFF DYNAMICLIGHTMAP_OFF _EMISSION _DETAIL_MULX2 pd=UNITY_ENABLE_REFLECTION_BUFFERS UNITY_PBS_USE_BRDF1 UNITY_SPECCUBE_BOX_PROJECTION UNITY_SPECCUBE_BLENDING ok=1
Cmd: compileSnippet
  api=4 type=1 insize=965 outsize=5893 kw=DIRECTIONAL SHADOWS_OFF LIGHTMAP_OFF DIRLIGHTMAP_OFF DYNAMICLIGHTMAP_OFF _EMISSION _DETAIL_MULX2 pd=UNITY_ENABLE_REFLECTION_BUFFERS UNITY_PBS_USE_BRDF1 UNITY_SPECCUBE_BOX_PROJECTION UNITY_SPECCUBE_BLENDING ok=1
Cmd: compileSnippet
  api=4 type=0 insize=1704 outsize=657 kw= pd=UNITY_ENABLE_REFLECTION_BUFFERS UNITY_PBS_USE_BRDF1 UNITY_SPECCUBE_BOX_PROJECTION UNITY_SPECCUBE_BLENDING ok=1
Cmd: compileSnippet
  api=4 type=1 insize=1704 outsize=493 kw= pd=UNITY_ENABLE_REFLECTION_BUFFERS UNITY_PBS_USE_BRDF1 UNITY_SPECCUBE_BOX_PROJECTION UNITY_SPECCUBE_BLENDING ok=1
Cmd: compileSnippet
  api=4 type=0 insize=970 outsize=1953 kw=DIRECTIONAL SHADOWS_OFF LIGHTMAP_OFF DIRLIGHTMAP_OFF DYNAMICLIGHTMAP_OFF _DETAIL_MULX2 pd=UNITY_ENABLE_REFLECTION_BUFFERS UNITY_PBS_USE_BRDF1 UNITY_SPECCUBE_BOX_PROJECTION UNITY_SPECCUBE_BLENDING ok=1
Cmd: compileSnippet
  api=4 type=1 insize=970 outsize=5841 kw=DIRECTIONAL SHADOWS_OFF LIGHTMAP_OFF DIRLIGHTMAP_OFF DYNAMICLIGHTMAP_OFF _DETAIL_MULX2 pd=UNITY_ENABLE_REFLECTION_BUFFERS UNITY_PBS_USE_BRDF1 UNITY_SPECCUBE_BOX_PROJECTION UNITY_SPECCUBE_BLENDING ok=1
Cmd: compileSnippet
  api=4 type=0 insize=927 outsize=2013 kw=DIRECTIONAL SHADOWS_OFF _DETAIL_MULX2 pd=UNITY_ENABLE_REFLECTION_BUFFERS UNITY_PBS_USE_BRDF1 UNITY_SPECCUBE_BOX_PROJECTION UNITY_SPECCUBE_BLENDING ok=1
Cmd: compileSnippet
  api=4 type=1 insize=927 outsize=3169 kw=DIRECTIONAL SHADOWS_OFF _DETAIL_MULX2 pd=UNITY_ENABLE_REFLECTION_BUFFERS UNITY_PBS_USE_BRDF1 UNITY_SPECCUBE_BOX_PROJECTION UNITY_SPECCUBE_BLENDING ok=1
Cmd: compileSnippet
  api=4 type=0 insize=4897 outsize=2089 kw= pd=UNITY_ENABLE_REFLECTION_BUFFERS UNITY_PBS_USE_BRDF1 UNITY_SPECCUBE_BOX_PROJECTION UNITY_SPECCUBE_BLENDING ok=1
Cmd: compileSnippet
  api=4 type=1 insize=4897 outsize=665 kw= pd=UNITY_ENABLE_REFLECTION_BUFFERS UNITY_PBS_USE_BRDF1 UNITY_SPECCUBE_BOX_PROJECTION UNITY_SPECCUBE_BLENDING ok=1
Cmd: compileSnippet
  api=4 type=0 insize=3985 outsize=1313 kw= pd=UNITY_ENABLE_REFLECTION_BUFFERS UNITY_PBS_USE_BRDF1 UNITY_SPECCUBE_BOX_PROJECTION UNITY_SPECCUBE_BLENDING ok=1
Cmd: compileSnippet
  api=4 type=1 insize=3985 outsize=373 kw= pd=UNITY_ENABLE_REFLECTION_BUFFERS UNITY_PBS_USE_BRDF1 UNITY_SPECCUBE_BOX_PROJECTION UNITY_SPECCUBE_BLENDING ok=1
Cmd: compileSnippet
  api=4 type=0 insize=818 outsize=377 kw= pd=UNITY_ENABLE_REFLECTION_BUFFERS UNITY_PBS_USE_BRDF1 UNITY_SPECCUBE_BOX_PROJECTION UNITY_SPECCUBE_BLENDING ok=1
Cmd: compileSnippet
  api=4 type=1 insize=818 outsize=245 kw= pd=UNITY_ENABLE_REFLECTION_BUFFERS UNITY_PBS_USE_BRDF1 UNITY_SPECCUBE_BOX_PROJECTION UNITY_SPECCUBE_BLENDING ok=1
Cmd: compileSnippet
  api=4 type=0 insize=1215 outsize=641 kw= pd=UNITY_ENABLE_REFLECTION_BUFFERS UNITY_PBS_USE_BRDF1 UNITY_SPECCUBE_BOX_PROJECTION UNITY_SPECCUBE_BLENDING ok=1
Cmd: compileSnippet
  api=4 type=1 insize=1215 outsize=569 kw= pd=UNITY_ENABLE_REFLECTION_BUFFERS UNITY_PBS_USE_BRDF1 UNITY_SPECCUBE_BOX_PROJECTION UNITY_SPECCUBE_BLENDING ok=1
Cmd: compileSnippet
  api=4 type=0 insize=959 outsize=529 kw= pd=UNITY_ENABLE_REFLECTION_BUFFERS UNITY_PBS_USE_BRDF1 UNITY_SPECCUBE_BOX_PROJECTION UNITY_SPECCUBE_BLENDING ok=1
Cmd: compileSnippet
  api=4 type=1 insize=959 outsize=297 kw= pd=UNITY_ENABLE_REFLECTION_BUFFERS UNITY_PBS_USE_BRDF1 UNITY_SPECCUBE_BOX_PROJECTION UNITY_SPECCUBE_BLENDING ok=1
Cmd: compileSnippet
  api=4 type=0 insize=751 outsize=1853 kw=SHADOWS_DEPTH _ALPHAPREMULTIPLY_ON pd=UNITY_ENABLE_REFLECTION_BUFFERS UNITY_PBS_USE_BRDF1 UNITY_SPECCUBE_BOX_PROJECTION UNITY_SPECCUBE_BLENDING ok=1
Cmd: compileSnippet
  api=4 type=1 insize=751 outsize=601 kw=SHADOWS_DEPTH _ALPHAPREMULTIPLY_ON pd=UNITY_ENABLE_REFLECTION_BUFFERS UNITY_PBS_USE_BRDF1 UNITY_SPECCUBE_BOX_PROJECTION UNITY_SPECCUBE_BLENDING ok=1
Cmd: compileSnippet
  api=4 type=0 insize=970 outsize=1953 kw=DIRECTIONAL SHADOWS_OFF LIGHTMAP_OFF DIRLIGHTMAP_OFF DYNAMICLIGHTMAP_OFF _EMISSION _ALPHAPREMULTIPLY_ON pd=UNITY_ENABLE_REFLECTION_BUFFERS UNITY_PBS_USE_BRDF1 UNITY_SPECCUBE_BOX_PROJECTION UNITY_SPECCUBE_BLENDING ok=1
Cmd: compileSnippet
  api=4 type=1 insize=970 outsize=5737 kw=DIRECTIONAL SHADOWS_OFF LIGHTMAP_OFF DIRLIGHTMAP_OFF DYNAMICLIGHTMAP_OFF _EMISSION _ALPHAPREMULTIPLY_ON pd=UNITY_ENABLE_REFLECTION_BUFFERS UNITY_PBS_USE_BRDF1 UNITY_SPECCUBE_BOX_PROJECTION UNITY_SPECCUBE_BLENDING ok=1
Cmd: compileSnippet
  api=4 type=0 insize=927 outsize=2013 kw=DIRECTIONAL SHADOWS_OFF _ALPHAPREMULTIPLY_ON pd=UNITY_ENABLE_REFLECTION_BUFFERS UNITY_PBS_USE_BRDF1 UNITY_SPECCUBE_BOX_PROJECTION UNITY_SPECCUBE_BLENDING ok=1
Cmd: compileSnippet
  api=4 type=1 insize=927 outsize=2993 kw=DIRECTIONAL SHADOWS_OFF _ALPHAPREMULTIPLY_ON pd=UNITY_ENABLE_REFLECTION_BUFFERS UNITY_PBS_USE_BRDF1 UNITY_SPECCUBE_BOX_PROJECTION UNITY_SPECCUBE_BLENDING ok=1
Cmd: compileSnippet
  api=4 type=0 insize=1420 outsize=673 kw= pd=UNITY_ENABLE_REFLECTION_BUFFERS UNITY_PBS_USE_BRDF1 UNITY_SPECCUBE_BOX_PROJECTION UNITY_SPECCUBE_BLENDING ok=1
Cmd: compileSnippet
  api=4 type=1 insize=1420 outsize=665 kw= pd=UNITY_ENABLE_REFLECTION_BUFFERS UNITY_PBS_USE_BRDF1 UNITY_SPECCUBE_BOX_PROJECTION UNITY_SPECCUBE_BLENDING ok=1
Cmd: preprocess
  insize=1614 outsize=976 ok=1
Cmd: compileSnippet
  api=4 type=0 insize=937 outsize=629 kw= pd=UNITY_ENABLE_REFLECTION_BUFFERS UNITY_PBS_USE_BRDF1 UNITY_SPECCUBE_BOX_PROJECTION UNITY_SPECCUBE_BLENDING ok=1
Cmd: compileSnippet
  api=4 type=1 insize=937 outsize=421 kw= pd=UNITY_ENABLE_REFLECTION_BUFFERS UNITY_PBS_USE_BRDF1 UNITY_SPECCUBE_BOX_PROJECTION UNITY_SPECCUBE_BLENDING ok=1
Cmd: preprocess
  insize=2019 outsize=1260 ok=1
Cmd: compileSnippet
  api=4 type=0 insize=1058 outsize=497 kw= pd=UNITY_ENABLE_REFLECTION_BUFFERS UNITY_PBS_USE_BRDF1 UNITY_SPECCUBE_BOX_PROJECTION UNITY_SPECCUBE_BLENDING ok=1
Cmd: compileSnippet
  api=4 type=1 insize=1058 outsize=225 kw= pd=UNITY_ENABLE_REFLECTION_BUFFERS UNITY_PBS_USE_BRDF1 UNITY_SPECCUBE_BOX_PROJECTION UNITY_SPECCUBE_BLENDING ok=1
Cmd: preprocess
  insize=840 outsize=837 ok=1
Cmd: compileSnippet
  api=4 type=0 insize=1151 outsize=453 kw= pd=UNITY_ENABLE_REFLECTION_BUFFERS UNITY_PBS_USE_BRDF1 UNITY_SPECCUBE_BOX_PROJECTION UNITY_SPECCUBE_BLENDING ok=1
Cmd: compileSnippet
  api=4 type=1 insize=1151 outsize=249 kw= pd=UNITY_ENABLE_REFLECTION_BUFFERS UNITY_PBS_USE_BRDF1 UNITY_SPECCUBE_BOX_PROJECTION UNITY_SPECCUBE_BLENDING ok=1
Cmd: compileSnippet
  api=4 type=0 insize=1420 outsize=673 kw= pd=UNITY_NO_SCREENSPACE_SHADOWS UNITY_ENABLE_REFLECTION_BUFFERS UNITY_PBS_USE_BRDF1 UNITY_SPECCUBE_BOX_PROJECTION UNITY_SPECCUBE_BLENDING ok=1
Cmd: compileSnippet
  api=4 type=1 insize=1420 outsize=665 kw= pd=UNITY_NO_SCREENSPACE_SHADOWS UNITY_ENABLE_REFLECTION_BUFFERS UNITY_PBS_USE_BRDF1 UNITY_SPECCUBE_BOX_PROJECTION UNITY_SPECCUBE_BLENDING ok=1
Cmd: compileSnippet
  api=4 type=0 insize=1185 outsize=641 kw= pd=UNITY_NO_SCREENSPACE_SHADOWS UNITY_ENABLE_REFLECTION_BUFFERS UNITY_PBS_USE_BRDF1 UNITY_SPECCUBE_BOX_PROJECTION UNITY_SPECCUBE_BLENDING ok=1
Cmd: compileSnippet
  api=4 type=1 insize=1185 outsize=517 kw= pd=UNITY_NO_SCREENSPACE_SHADOWS UNITY_ENABLE_REFLECTION_BUFFERS UNITY_PBS_USE_BRDF1 UNITY_SPECCUBE_BOX_PROJECTION UNITY_SPECCUBE_BLENDING ok=1
Cmd: compileSnippet
  api=4 type=0 insize=751 outsize=1733 kw=SHADOWS_DEPTH pd=UNITY_NO_SCREENSPACE_SHADOWS UNITY_ENABLE_REFLECTION_BUFFERS UNITY_PBS_USE_BRDF1 UNITY_SPECCUBE_BOX_PROJECTION UNITY_SPECCUBE_BLENDING ok=1
Cmd: compileSnippet
  api=4 type=1 insize=751 outsize=181 kw=SHADOWS_DEPTH pd=UNITY_NO_SCREENSPACE_SHADOWS UNITY_ENABLE_REFLECTION_BUFFERS UNITY_PBS_USE_BRDF1 UNITY_SPECCUBE_BOX_PROJECTION UNITY_SPECCUBE_BLENDING ok=1
Cmd: compileSnippet
  api=4 type=0 insize=965 outsize=1953 kw=DIRECTIONAL SHADOWS_OFF LIGHTMAP_OFF DIRLIGHTMAP_OFF DYNAMICLIGHTMAP_OFF pd=UNITY_NO_SCREENSPACE_SHADOWS UNITY_ENABLE_REFLECTION_BUFFERS UNITY_PBS_USE_BRDF1 UNITY_SPECCUBE_BOX_PROJECTION UNITY_SPECCUBE_BLENDING ok=1
Cmd: compileSnippet
  api=4 type=1 insize=965 outsize=5533 kw=DIRECTIONAL SHADOWS_OFF LIGHTMAP_OFF DIRLIGHTMAP_OFF DYNAMICLIGHTMAP_OFF pd=UNITY_NO_SCREENSPACE_SHADOWS UNITY_ENABLE_REFLECTION_BUFFERS UNITY_PBS_USE_BRDF1 UNITY_SPECCUBE_BOX_PROJECTION UNITY_SPECCUBE_BLENDING ok=1
Cmd: compileSnippet
  api=4 type=0 insize=1187 outsize=529 kw= pd=UNITY_NO_SCREENSPACE_SHADOWS UNITY_ENABLE_REFLECTION_BUFFERS UNITY_PBS_USE_BRDF1 UNITY_SPECCUBE_BOX_PROJECTION UNITY_SPECCUBE_BLENDING ok=1
Cmd: compileSnippet
  api=4 type=1 insize=1187 outsize=405 kw= pd=UNITY_NO_SCREENSPACE_SHADOWS UNITY_ENABLE_REFLECTION_BUFFERS UNITY_PBS_USE_BRDF1 UNITY_SPECCUBE_BOX_PROJECTION UNITY_SPECCUBE_BLENDING ok=1
Cmd: compileSnippet
  api=4 type=0 insize=13030 outsize=5421 kw=UNITY_COLORSPACE_GAMMA _SUNDISK_SIMPLE pd=UNITY_NO_SCREENSPACE_SHADOWS UNITY_ENABLE_REFLECTION_BUFFERS UNITY_PBS_USE_BRDF1 UNITY_SPECCUBE_BOX_PROJECTION UNITY_SPECCUBE_BLENDING ok=1
Cmd: compileSnippet
  api=4 type=1 insize=13030 outsize=929 kw=UNITY_COLORSPACE_GAMMA _SUNDISK_SIMPLE pd=UNITY_NO_SCREENSPACE_SHADOWS UNITY_ENABLE_REFLECTION_BUFFERS UNITY_PBS_USE_BRDF1 UNITY_SPECCUBE_BOX_PROJECTION UNITY_SPECCUBE_BLENDING ok=1
Cmd: compileSnippet
  api=5 type=0 insize=937 outsize=725 kw= pd=UNITY_NO_DXT5nm UNITY_NO_RGBM UNITY_NO_SCREENSPACE_SHADOWS UNITY_NO_LINEAR_COLORSPACE UNITY_ENABLE_REFLECTION_BUFFERS UNITY_FRAMEBUFFER_FETCH_AVAILABLE UNITY_NO_FULL_STANDARD_SHADER UNITY_PBS_USE_BRDF2 SHADER_API_MOBILE ok=1
Cmd: compileSnippet
  api=5 type=1 insize=937 outsize=0 kw= pd=UNITY_NO_DXT5nm UNITY_NO_RGBM UNITY_NO_SCREENSPACE_SHADOWS UNITY_NO_LINEAR_COLORSPACE UNITY_ENABLE_REFLECTION_BUFFERS UNITY_FRAMEBUFFER_FETCH_AVAILABLE UNITY_NO_FULL_STANDARD_SHADER UNITY_PBS_USE_BRDF2 SHADER_API_MOBILE ok=1
Cmd: compileSnippet
  api=5 type=0 insize=1058 outsize=584 kw= pd=UNITY_NO_DXT5nm UNITY_NO_RGBM UNITY_NO_SCREENSPACE_SHADOWS UNITY_NO_LINEAR_COLORSPACE UNITY_ENABLE_REFLECTION_BUFFERS UNITY_FRAMEBUFFER_FETCH_AVAILABLE UNITY_NO_FULL_STANDARD_SHADER UNITY_PBS_USE_BRDF2 SHADER_API_MOBILE ok=1
Cmd: compileSnippet
  api=5 type=1 insize=1058 outsize=0 kw= pd=UNITY_NO_DXT5nm UNITY_NO_RGBM UNITY_NO_SCREENSPACE_SHADOWS UNITY_NO_LINEAR_COLORSPACE UNITY_ENABLE_REFLECTION_BUFFERS UNITY_FRAMEBUFFER_FETCH_AVAILABLE UNITY_NO_FULL_STANDARD_SHADER UNITY_PBS_USE_BRDF2 SHADER_API_MOBILE ok=1
Cmd: compileSnippet
  api=5 type=0 insize=1151 outsize=543 kw= pd=UNITY_NO_DXT5nm UNITY_NO_RGBM UNITY_NO_SCREENSPACE_SHADOWS UNITY_NO_LINEAR_COLORSPACE UNITY_ENABLE_REFLECTION_BUFFERS UNITY_FRAMEBUFFER_FETCH_AVAILABLE UNITY_NO_FULL_STANDARD_SHADER UNITY_PBS_USE_BRDF2 SHADER_API_MOBILE ok=1
Cmd: compileSnippet
  api=5 type=1 insize=1151 outsize=0 kw= pd=UNITY_NO_DXT5nm UNITY_NO_RGBM UNITY_NO_SCREENSPACE_SHADOWS UNITY_NO_LINEAR_COLORSPACE UNITY_ENABLE_REFLECTION_BUFFERS UNITY_FRAMEBUFFER_FETCH_AVAILABLE UNITY_NO_FULL_STANDARD_SHADER UNITY_PBS_USE_BRDF2 SHADER_API_MOBILE ok=1
Cmd: compileSnippet
  api=9 type=0 insize=965 outsize=13561 kw=DIRECTIONAL SHADOWS_OFF LIGHTMAP_OFF DIRLIGHTMAP_OFF DYNAMICLIGHTMAP_OFF pd=UNITY_NO_DXT5nm UNITY_NO_RGBM UNITY_NO_SCREENSPACE_SHADOWS UNITY_NO_LINEAR_COLORSPACE UNITY_ENABLE_REFLECTION_BUFFERS UNITY_FRAMEBUFFER_FETCH_AVAILABLE UNITY_PBS_USE_BRDF2 SHADER_API_MOBILE ok=1
Cmd: compileSnippet
  api=9 type=1 insize=965 outsize=0 kw=DIRECTIONAL SHADOWS_OFF LIGHTMAP_OFF DIRLIGHTMAP_OFF DYNAMICLIGHTMAP_OFF pd=UNITY_NO_DXT5nm UNITY_NO_RGBM UNITY_NO_SCREENSPACE_SHADOWS UNITY_NO_LINEAR_COLORSPACE UNITY_ENABLE_REFLECTION_BUFFERS UNITY_FRAMEBUFFER_FETCH_AVAILABLE UNITY_PBS_USE_BRDF2 SHADER_API_MOBILE ok=1
Cmd: compileSnippet
  api=9 type=0 insize=923 outsize=12905 kw=POINT SHADOWS_OFF pd=UNITY_NO_DXT5nm UNITY_NO_RGBM UNITY_NO_SCREENSPACE_SHADOWS UNITY_NO_LINEAR_COLORSPACE UNITY_ENABLE_REFLECTION_BUFFERS UNITY_FRAMEBUFFER_FETCH_AVAILABLE UNITY_PBS_USE_BRDF2 SHADER_API_MOBILE ok=1
Cmd: compileSnippet
  api=9 type=0 insize=923 outsize=14186 kw=SPOT SHADOWS_DEPTH SHADOWS_NATIVE pd=UNITY_NO_DXT5nm UNITY_NO_RGBM UNITY_NO_SCREENSPACE_SHADOWS UNITY_NO_LINEAR_COLORSPACE UNITY_ENABLE_REFLECTION_BUFFERS UNITY_FRAMEBUFFER_FETCH_AVAILABLE UNITY_PBS_USE_BRDF2 SHADER_API_MOBILE ok=1
Cmd: compileSnippet
  api=9 type=0 insize=923 outsize=14517 kw=POINT SHADOWS_CUBE SHADOWS_SOFT pd=UNITY_NO_DXT5nm UNITY_NO_RGBM UNITY_NO_SCREENSPACE_SHADOWS UNITY_NO_LINEAR_COLORSPACE UNITY_ENABLE_REFLECTION_BUFFERS UNITY_FRAMEBUFFER_FETCH_AVAILABLE UNITY_PBS_USE_BRDF2 SHADER_API_MOBILE ok=1
Cmd: compileSnippet
  api=9 type=1 insize=923 outsize=0 kw=POINT SHADOWS_OFF pd=UNITY_NO_DXT5nm UNITY_NO_RGBM UNITY_NO_SCREENSPACE_SHADOWS UNITY_NO_LINEAR_COLORSPACE UNITY_ENABLE_REFLECTION_BUFFERS UNITY_FRAMEBUFFER_FETCH_AVAILABLE UNITY_PBS_USE_BRDF2 SHADER_API_MOBILE ok=1
Cmd: compileSnippet
  api=9 type=1 insize=923 outsize=0 kw=SPOT SHADOWS_DEPTH SHADOWS_NATIVE pd=UNITY_NO_DXT5nm UNITY_NO_RGBM UNITY_NO_SCREENSPACE_SHADOWS UNITY_NO_LINEAR_COLORSPACE UNITY_ENABLE_REFLECTION_BUFFERS UNITY_FRAMEBUFFER_FETCH_AVAILABLE UNITY_PBS_USE_BRDF2 SHADER_API_MOBILE ok=1
Cmd: compileSnippet
  api=9 type=1 insize=923 outsize=0 kw=SPOT SHADOWS_DEPTH SHADOWS_SOFT SHADOWS_NATIVE pd=UNITY_NO_DXT5nm UNITY_NO_RGBM UNITY_NO_SCREENSPACE_SHADOWS UNITY_NO_LINEAR_COLORSPACE UNITY_ENABLE_REFLECTION_BUFFERS UNITY_FRAMEBUFFER_FETCH_AVAILABLE UNITY_PBS_USE_BRDF2 SHADER_API_MOBILE ok=1
Cmd: compileSnippet
  api=9 type=0 insize=751 outsize=5156 kw=SHADOWS_DEPTH pd=UNITY_NO_DXT5nm UNITY_NO_RGBM UNITY_NO_SCREENSPACE_SHADOWS UNITY_NO_LINEAR_COLORSPACE UNITY_ENABLE_REFLECTION_BUFFERS UNITY_FRAMEBUFFER_FETCH_AVAILABLE UNITY_PBS_USE_BRDF2 SHADER_API_MOBILE ok=1
Cmd: compileSnippet
  api=9 type=1 insize=751 outsize=0 kw=SHADOWS_DEPTH pd=UNITY_NO_DXT5nm UNITY_NO_RGBM UNITY_NO_SCREENSPACE_SHADOWS UNITY_NO_LINEAR_COLORSPACE UNITY_ENABLE_REFLECTION_BUFFERS UNITY_FRAMEBUFFER_FETCH_AVAILABLE UNITY_PBS_USE_BRDF2 SHADER_API_MOBILE ok=1
Cmd: compileSnippet
  api=9 type=0 insize=1148 outsize=11035 kw=LIGHTMAP_OFF DIRLIGHTMAP_OFF DYNAMICLIGHTMAP_OFF pd=UNITY_NO_DXT5nm UNITY_NO_RGBM UNITY_NO_SCREENSPACE_SHADOWS UNITY_NO_LINEAR_COLORSPACE UNITY_ENABLE_REFLECTION_BUFFERS UNITY_FRAMEBUFFER_FETCH_AVAILABLE UNITY_PBS_USE_BRDF2 SHADER_API_MOBILE ok=1
Cmd: compileSnippet
  api=9 type=0 insize=1148 outsize=11498 kw=LIGHTMAP_OFF DIRLIGHTMAP_SEPARATE DYNAMICLIGHTMAP_OFF UNITY_HDR_ON pd=UNITY_NO_DXT5nm UNITY_NO_RGBM UNITY_NO_SCREENSPACE_SHADOWS UNITY_NO_LINEAR_COLORSPACE UNITY_ENABLE_REFLECTION_BUFFERS UNITY_FRAMEBUFFER_FETCH_AVAILABLE UNITY_PBS_USE_BRDF2 SHADER_API_MOBILE ok=1
Cmd: compileSnippet
  api=9 type=1 insize=1148 outsize=0 kw=LIGHTMAP_OFF DIRLIGHTMAP_OFF DYNAMICLIGHTMAP_OFF pd=UNITY_NO_DXT5nm UNITY_NO_RGBM UNITY_NO_SCREENSPACE_SHADOWS UNITY_NO_LINEAR_COLORSPACE UNITY_ENABLE_REFLECTION_BUFFERS UNITY_FRAMEBUFFER_FETCH_AVAILABLE UNITY_PBS_USE_BRDF2 SHADER_API_MOBILE ok=1
Cmd: compileSnippet
  api=9 type=1 insize=1148 outsize=0 kw=LIGHTMAP_OFF DIRLIGHTMAP_COMBINED DYNAMICLIGHTMAP_OFF UNITY_HDR_ON pd=UNITY_NO_DXT5nm UNITY_NO_RGBM UNITY_NO_SCREENSPACE_SHADOWS UNITY_NO_LINEAR_COLORSPACE UNITY_ENABLE_REFLECTION_BUFFERS UNITY_FRAMEBUFFER_FETCH_AVAILABLE UNITY_PBS_USE_BRDF2 SHADER_API_MOBILE ok=1
Cmd: compileSnippet
  api=5 type=0 insize=894 outsize=6183 kw=DIRECTIONAL SHADOWS_OFF LIGHTMAP_OFF DIRLIGHTMAP_OFF DYNAMICLIGHTMAP_OFF pd=UNITY_NO_DXT5nm UNITY_NO_RGBM UNITY_NO_SCREENSPACE_SHADOWS UNITY_NO_LINEAR_COLORSPACE UNITY_ENABLE_REFLECTION_BUFFERS UNITY_FRAMEBUFFER_FETCH_AVAILABLE UNITY_NO_FULL_STANDARD_SHADER UNITY_PBS_USE_BRDF2 SHADER_API_MOBILE ok=1
Cmd: compileSnippet
  api=5 type=0 insize=894 outsize=8519 kw=DIRECTIONAL SHADOWS_SCREEN LIGHTMAP_OFF DIRLIGHTMAP_OFF DYNAMICLIGHTMAP_OFF VERTEXLIGHT_ON pd=UNITY_NO_DXT5nm UNITY_NO_RGBM UNITY_NO_SCREENSPACE_SHADOWS UNITY_NO_LINEAR_COLORSPACE UNITY_ENABLE_REFLECTION_BUFFERS UNITY_FRAMEBUFFER_FETCH_AVAILABLE UNITY_NO_FULL_STANDARD_SHADER UNITY_PBS_USE_BRDF2 SHADER_API_MOBILE ok=1
Cmd: compileSnippet
  api=9 type=0 insize=894 outsize=14103 kw=DIRECTIONAL SHADOWS_SCREEN SHADOWS_NATIVE LIGHTMAP_OFF DIRLIGHTMAP_OFF DYNAMICLIGHTMAP_OFF VERTEXLIGHT_ON pd=UNITY_NO_DXT5nm UNITY_NO_RGBM UNITY_NO_SCREENSPACE_SHADOWS UNITY_NO_LINEAR_COLORSPACE UNITY_ENABLE_REFLECTION_BUFFERS UNITY_FRAMEBUFFER_FETCH_AVAILABLE UNITY_PBS_USE_BRDF2 SHADER_API_MOBILE ok=1
Cmd: compileSnippet
  api=5 type=1 insize=894 outsize=0 kw=DIRECTIONAL SHADOWS_OFF LIGHTMAP_OFF DIRLIGHTMAP_OFF DYNAMICLIGHTMAP_OFF pd=UNITY_NO_DXT5nm UNITY_NO_RGBM UNITY_NO_SCREENSPACE_SHADOWS UNITY_NO_LINEAR_COLORSPACE UNITY_ENABLE_REFLECTION_BUFFERS UNITY_FRAMEBUFFER_FETCH_AVAILABLE UNITY_NO_FULL_STANDARD_SHADER UNITY_PBS_USE_BRDF2 SHADER_API_MOBILE ok=1
Cmd: compileSnippet
  api=9 type=1 insize=894 outsize=0 kw=DIRECTIONAL SHADOWS_SCREEN SHADOWS_NATIVE LIGHTMAP_OFF DIRLIGHTMAP_OFF DYNAMICLIGHTMAP_OFF pd=UNITY_NO_DXT5nm UNITY_NO_RGBM UNITY_NO_SCREENSPACE_SHADOWS UNITY_NO_LINEAR_COLORSPACE UNITY_ENABLE_REFLECTION_BUFFERS UNITY_FRAMEBUFFER_FETCH_AVAILABLE UNITY_PBS_USE_BRDF2 SHADER_API_MOBILE ok=1
Cmd: compileSnippet
  api=5 type=0 insize=804 outsize=4208 kw=POINT SHADOWS_OFF pd=UNITY_NO_DXT5nm UNITY_NO_RGBM UNITY_NO_SCREENSPACE_SHADOWS UNITY_NO_LINEAR_COLORSPACE UNITY_ENABLE_REFLECTION_BUFFERS UNITY_FRAMEBUFFER_FETCH_AVAILABLE UNITY_NO_FULL_STANDARD_SHADER UNITY_PBS_USE_BRDF2 SHADER_API_MOBILE ok=1
Cmd: compileSnippet
  api=5 type=0 insize=804 outsize=4350 kw=POINT_COOKIE SHADOWS_OFF pd=UNITY_NO_DXT5nm UNITY_NO_RGBM UNITY_NO_SCREENSPACE_SHADOWS UNITY_NO_LINEAR_COLORSPACE UNITY_ENABLE_REFLECTION_BUFFERS UNITY_FRAMEBUFFER_FETCH_AVAILABLE UNITY_NO_FULL_STANDARD_SHADER UNITY_PBS_USE_BRDF2 SHADER_API_MOBILE ok=1
Cmd: compileSnippet
  api=9 type=0 insize=804 outsize=11798 kw=DIRECTIONAL_COOKIE SHADOWS_OFF pd=UNITY_NO_DXT5nm UNITY_NO_RGBM UNITY_NO_SCREENSPACE_SHADOWS UNITY_NO_LINEAR_COLORSPACE UNITY_ENABLE_REFLECTION_BUFFERS UNITY_FRAMEBUFFER_FETCH_AVAILABLE UNITY_PBS_USE_BRDF2 SHADER_API_MOBILE ok=1
Cmd: compileSnippet
  api=9 type=0 insize=804 outsize=13354 kw=SPOT SHADOWS_DEPTH SHADOWS_NATIVE pd=UNITY_NO_DXT5nm UNITY_NO_RGBM UNITY_NO_SCREENSPACE_SHADOWS UNITY_NO_LINEAR_COLORSPACE UNITY_ENABLE_REFLECTION_BUFFERS UNITY_FRAMEBUFFER_FETCH_AVAILABLE UNITY_PBS_USE_BRDF2 SHADER_API_MOBILE ok=1
Cmd: compileSnippet
  api=5 type=0 insize=804 outsize=4311 kw=DIRECTIONAL SHADOWS_SCREEN SHADOWS_NATIVE pd=UNITY_NO_DXT5nm UNITY_NO_RGBM UNITY_NO_SCREENSPACE_SHADOWS UNITY_NO_LINEAR_COLORSPACE UNITY_ENABLE_REFLECTION_BUFFERS UNITY_FRAMEBUFFER_FETCH_AVAILABLE UNITY_NO_FULL_STANDARD_SHADER UNITY_PBS_USE_BRDF2 SHADER_API_MOBILE ok=1
Cmd: compileSnippet
  api=9 type=0 insize=804 outsize=12483 kw=DIRECTIONAL_COOKIE SHADOWS_SCREEN SHADOWS_NATIVE pd=UNITY_NO_DXT5nm UNITY_NO_RGBM UNITY_NO_SCREENSPACE_SHADOWS UNITY_NO_LINEAR_COLORSPACE UNITY_ENABLE_REFLECTION_BUFFERS UNITY_FRAMEBUFFER_FETCH_AVAILABLE UNITY_PBS_USE_BRDF2 SHADER_API_MOBILE ok=1
Cmd: compileSnippet
  api=5 type=1 insize=804 outsize=0 kw=POINT SHADOWS_OFF pd=UNITY_NO_DXT5nm UNITY_NO_RGBM UNITY_NO_SCREENSPACE_SHADOWS UNITY_NO_LINEAR_COLORSPACE UNITY_ENABLE_REFLECTION_BUFFERS UNITY_FRAMEBUFFER_FETCH_AVAILABLE UNITY_NO_FULL_STANDARD_SHADER UNITY_PBS_USE_BRDF2 SHADER_API_MOBILE ok=1
Cmd: compileSnippet
  api=5 type=1 insize=804 outsize=0 kw=SPOT SHADOWS_OFF pd=UNITY_NO_DXT5nm UNITY_NO_RGBM UNITY_NO_SCREENSPACE_SHADOWS UNITY_NO_LINEAR_COLORSPACE UNITY_ENABLE_REFLECTION_BUFFERS UNITY_FRAMEBUFFER_FETCH_AVAILABLE UNITY_NO_FULL_STANDARD_SHADER UNITY_PBS_USE_BRDF2 SHADER_API_MOBILE ok=1
Cmd: compileSnippet
  api=9 type=1 insize=804 outsize=0 kw=DIRECTIONAL_COOKIE SHADOWS_OFF pd=UNITY_NO_DXT5nm UNITY_NO_RGBM UNITY_NO_SCREENSPACE_SHADOWS UNITY_NO_LINEAR_COLORSPACE UNITY_ENABLE_REFLECTION_BUFFERS UNITY_FRAMEBUFFER_FETCH_AVAILABLE UNITY_PBS_USE_BRDF2 SHADER_API_MOBILE ok=1
Cmd: compileSnippet
  api=5 type=1 insize=804 outsize=0 kw=DIRECTIONAL_COOKIE SHADOWS_SCREEN pd=UNITY_NO_DXT5nm UNITY_NO_RGBM UNITY_NO_SCREENSPACE_SHADOWS UNITY_NO_LINEAR_COLORSPACE UNITY_ENABLE_REFLECTION_BUFFERS UNITY_FRAMEBUFFER_FETCH_AVAILABLE UNITY_NO_FULL_STANDARD_SHADER UNITY_PBS_USE_BRDF2 SHADER_API_MOBILE ok=1
Cmd: compileSnippet
  api=5 type=1 insize=804 outsize=0 kw=POINT_COOKIE SHADOWS_CUBE pd=UNITY_NO_DXT5nm UNITY_NO_RGBM UNITY_NO_SCREENSPACE_SHADOWS UNITY_NO_LINEAR_COLORSPACE UNITY_ENABLE_REFLECTION_BUFFERS UNITY_FRAMEBUFFER_FETCH_AVAILABLE UNITY_NO_FULL_STANDARD_SHADER UNITY_PBS_USE_BRDF2 SHADER_API_MOBILE ok=1
Cmd: compileSnippet
  api=9 type=1 insize=804 outsize=0 kw=DIRECTIONAL_COOKIE SHADOWS_SCREEN SHADOWS_NATIVE pd=UNITY_NO_DXT5nm UNITY_NO_RGBM UNITY_NO_SCREENSPACE_SHADOWS UNITY_NO_LINEAR_COLORSPACE UNITY_ENABLE_REFLECTION_BUFFERS UNITY_FRAMEBUFFER_FETCH_AVAILABLE UNITY_PBS_USE_BRDF2 SHADER_API_MOBILE ok=1
Cmd: compileSnippet
  api=5 type=0 insize=600 outsize=2081 kw=SHADOWS_DEPTH pd=UNITY_NO_DXT5nm UNITY_NO_RGBM UNITY_NO_SCREENSPACE_SHADOWS UNITY_NO_LINEAR_COLORSPACE UNITY_ENABLE_REFLECTION_BUFFERS UNITY_FRAMEBUFFER_FETCH_AVAILABLE UNITY_NO_FULL_STANDARD_SHADER UNITY_PBS_USE_BRDF2 SHADER_API_MOBILE ok=1
Cmd: compileSnippet
  api=5 type=1 insize=600 outsize=0 kw=SHADOWS_DEPTH pd=UNITY_NO_DXT5nm UNITY_NO_RGBM UNITY_NO_SCREENSPACE_SHADOWS UNITY_NO_LINEAR_COLORSPACE UNITY_ENABLE_REFLECTION_BUFFERS UNITY_FRAMEBUFFER_FETCH_AVAILABLE UNITY_NO_FULL_STANDARD_SHADER UNITY_PBS_USE_BRDF2 SHADER_API_MOBILE ok=1
Cmd: compileSnippet
  api=5 type=0 insize=1704 outsize=1101 kw= pd=UNITY_NO_DXT5nm UNITY_NO_RGBM UNITY_NO_SCREENSPACE_SHADOWS UNITY_NO_LINEAR_COLORSPACE UNITY_ENABLE_REFLECTION_BUFFERS UNITY_FRAMEBUFFER_FETCH_AVAILABLE UNITY_NO_FULL_STANDARD_SHADER UNITY_PBS_USE_BRDF2 SHADER_API_MOBILE ok=1
Cmd: compileSnippet
  api=5 type=1 insize=1704 outsize=0 kw= pd=UNITY_NO_DXT5nm UNITY_NO_RGBM UNITY_NO_SCREENSPACE_SHADOWS UNITY_NO_LINEAR_COLORSPACE UNITY_ENABLE_REFLECTION_BUFFERS UNITY_FRAMEBUFFER_FETCH_AVAILABLE UNITY_NO_FULL_STANDARD_SHADER UNITY_PBS_USE_BRDF2 SHADER_API_MOBILE ok=1
Cmd: compileSnippet
  api=5 type=0 insize=1185 outsize=964 kw= pd=UNITY_NO_DXT5nm UNITY_NO_RGBM UNITY_NO_SCREENSPACE_SHADOWS UNITY_NO_LINEAR_COLORSPACE UNITY_ENABLE_REFLECTION_BUFFERS UNITY_FRAMEBUFFER_FETCH_AVAILABLE UNITY_NO_FULL_STANDARD_SHADER UNITY_PBS_USE_BRDF2 SHADER_API_MOBILE ok=1
Cmd: compileSnippet
  api=5 type=1 insize=1185 outsize=0 kw= pd=UNITY_NO_DXT5nm UNITY_NO_RGBM UNITY_NO_SCREENSPACE_SHADOWS UNITY_NO_LINEAR_COLORSPACE UNITY_ENABLE_REFLECTION_BUFFERS UNITY_FRAMEBUFFER_FETCH_AVAILABLE UNITY_NO_FULL_STANDARD_SHADER UNITY_PBS_USE_BRDF2 SHADER_API_MOBILE ok=1
Cmd: compileSnippet
  api=5 type=0 insize=1187 outsize=790 kw= pd=UNITY_NO_DXT5nm UNITY_NO_RGBM UNITY_NO_SCREENSPACE_SHADOWS UNITY_NO_LINEAR_COLORSPACE UNITY_ENABLE_REFLECTION_BUFFERS UNITY_FRAMEBUFFER_FETCH_AVAILABLE UNITY_NO_FULL_STANDARD_SHADER UNITY_PBS_USE_BRDF2 SHADER_API_MOBILE ok=1
Cmd: compileSnippet
  api=5 type=1 insize=1187 outsize=0 kw= pd=UNITY_NO_DXT5nm UNITY_NO_RGBM UNITY_NO_SCREENSPACE_SHADOWS UNITY_NO_LINEAR_COLORSPACE UNITY_ENABLE_REFLECTION_BUFFERS UNITY_FRAMEBUFFER_FETCH_AVAILABLE UNITY_NO_FULL_STANDARD_SHADER UNITY_PBS_USE_BRDF2 SHADER_API_MOBILE ok=1
Cmd: compileSnippet
  api=5 type=0 insize=4597 outsize=3332 kw= pd=UNITY_NO_DXT5nm UNITY_NO_RGBM UNITY_NO_SCREENSPACE_SHADOWS UNITY_NO_LINEAR_COLORSPACE UNITY_ENABLE_REFLECTION_BUFFERS UNITY_FRAMEBUFFER_FETCH_AVAILABLE UNITY_NO_FULL_STANDARD_SHADER UNITY_PBS_USE_BRDF2 SHADER_API_MOBILE ok=1
Cmd: compileSnippet
  api=5 type=0 insize=4597 outsize=4240 kw=SPOT pd=UNITY_NO_DXT5nm UNITY_NO_RGBM UNITY_NO_SCREENSPACE_SHADOWS UNITY_NO_LINEAR_COLORSPACE UNITY_ENABLE_REFLECTION_BUFFERS UNITY_FRAMEBUFFER_FETCH_AVAILABLE UNITY_NO_FULL_STANDARD_SHADER UNITY_PBS_USE_BRDF2 SHADER_API_MOBILE ok=1
Cmd: compileSnippet
  api=5 type=1 insize=4597 outsize=0 kw= pd=UNITY_NO_DXT5nm UNITY_NO_RGBM UNITY_NO_SCREENSPACE_SHADOWS UNITY_NO_LINEAR_COLORSPACE UNITY_ENABLE_REFLECTION_BUFFERS UNITY_FRAMEBUFFER_FETCH_AVAILABLE UNITY_NO_FULL_STANDARD_SHADER UNITY_PBS_USE_BRDF2 SHADER_API_MOBILE ok=1
Cmd: compileSnippet
  api=5 type=1 insize=4597 outsize=0 kw=SPOT pd=UNITY_NO_DXT5nm UNITY_NO_RGBM UNITY_NO_SCREENSPACE_SHADOWS UNITY_NO_LINEAR_COLORSPACE UNITY_ENABLE_REFLECTION_BUFFERS UNITY_FRAMEBUFFER_FETCH_AVAILABLE UNITY_NO_FULL_STANDARD_SHADER UNITY_PBS_USE_BRDF2 SHADER_API_MOBILE ok=1
Cmd: compileSnippet
  api=5 type=0 insize=1807 outsize=1230 kw= pd=UNITY_NO_DXT5nm UNITY_NO_RGBM UNITY_NO_SCREENSPACE_SHADOWS UNITY_NO_LINEAR_COLORSPACE UNITY_ENABLE_REFLECTION_BUFFERS UNITY_FRAMEBUFFER_FETCH_AVAILABLE UNITY_NO_FULL_STANDARD_SHADER UNITY_PBS_USE_BRDF2 SHADER_API_MOBILE ok=1
Cmd: compileSnippet
  api=5 type=1 insize=1807 outsize=0 kw= pd=UNITY_NO_DXT5nm UNITY_NO_RGBM UNITY_NO_SCREENSPACE_SHADOWS UNITY_NO_LINEAR_COLORSPACE UNITY_ENABLE_REFLECTION_BUFFERS UNITY_FRAMEBUFFER_FETCH_AVAILABLE UNITY_NO_FULL_STANDARD_SHADER UNITY_PBS_USE_BRDF2 SHADER_API_MOBILE ok=1
Cmd: compileSnippet
  api=5 type=0 insize=2082 outsize=1496 kw= pd=UNITY_NO_DXT5nm UNITY_NO_RGBM UNITY_NO_SCREENSPACE_SHADOWS UNITY_NO_LINEAR_COLORSPACE UNITY_ENABLE_REFLECTION_BUFFERS UNITY_FRAMEBUFFER_FETCH_AVAILABLE UNITY_NO_FULL_STANDARD_SHADER UNITY_PBS_USE_BRDF2 SHADER_API_MOBILE ok=1
Cmd: compileSnippet
  api=5 type=1 insize=2082 outsize=0 kw= pd=UNITY_NO_DXT5nm UNITY_NO_RGBM UNITY_NO_SCREENSPACE_SHADOWS UNITY_NO_LINEAR_COLORSPACE UNITY_ENABLE_REFLECTION_BUFFERS UNITY_FRAMEBUFFER_FETCH_AVAILABLE UNITY_NO_FULL_STANDARD_SHADER UNITY_PBS_USE_BRDF2 SHADER_API_MOBILE ok=1
Cmd: compileSnippet
  api=5 type=0 insize=541 outsize=2081 kw=SHADOWS_DEPTH pd=UNITY_NO_DXT5nm UNITY_NO_RGBM UNITY_NO_SCREENSPACE_SHADOWS UNITY_NO_LINEAR_COLORSPACE UNITY_ENABLE_REFLECTION_BUFFERS UNITY_FRAMEBUFFER_FETCH_AVAILABLE UNITY_NO_FULL_STANDARD_SHADER UNITY_PBS_USE_BRDF2 SHADER_API_MOBILE ok=1
Cmd: compileSnippet
  api=5 type=1 insize=541 outsize=0 kw=SHADOWS_DEPTH pd=UNITY_NO_DXT5nm UNITY_NO_RGBM UNITY_NO_SCREENSPACE_SHADOWS UNITY_NO_LINEAR_COLORSPACE UNITY_ENABLE_REFLECTION_BUFFERS UNITY_FRAMEBUFFER_FETCH_AVAILABLE UNITY_NO_FULL_STANDARD_SHADER UNITY_PBS_USE_BRDF2 SHADER_API_MOBILE ok=1
Cmd: compileSnippet
  api=5 type=0 insize=6763 outsize=3360 kw=DIRECTIONAL SHADOWS_OFF LIGHTMAP_OFF DIRLIGHTMAP_OFF DYNAMICLIGHTMAP_OFF pd=UNITY_NO_DXT5nm UNITY_NO_RGBM UNITY_NO_SCREENSPACE_SHADOWS UNITY_NO_LINEAR_COLORSPACE UNITY_ENABLE_REFLECTION_BUFFERS UNITY_FRAMEBUFFER_FETCH_AVAILABLE UNITY_NO_FULL_STANDARD_SHADER UNITY_PBS_USE_BRDF2 SHADER_API_MOBILE ok=1
Cmd: compileSnippet
  api=5 type=0 insize=6763 outsize=5873 kw=DIRECTIONAL SHADOWS_SCREEN LIGHTMAP_OFF DIRLIGHTMAP_OFF DYNAMICLIGHTMAP_OFF VERTEXLIGHT_ON pd=UNITY_NO_DXT5nm UNITY_NO_RGBM UNITY_NO_SCREENSPACE_SHADOWS UNITY_NO_LINEAR_COLORSPACE UNITY_ENABLE_REFLECTION_BUFFERS UNITY_FRAMEBUFFER_FETCH_AVAILABLE UNITY_NO_FULL_STANDARD_SHADER UNITY_PBS_USE_BRDF2 SHADER_API_MOBILE ok=1
Cmd: compileSnippet
  api=5 type=1 insize=6763 outsize=0 kw=DIRECTIONAL SHADOWS_OFF LIGHTMAP_OFF DIRLIGHTMAP_OFF DYNAMICLIGHTMAP_OFF pd=UNITY_NO_DXT5nm UNITY_NO_RGBM UNITY_NO_SCREENSPACE_SHADOWS UNITY_NO_LINEAR_COLORSPACE UNITY_ENABLE_REFLECTION_BUFFERS UNITY_FRAMEBUFFER_FETCH_AVAILABLE UNITY_NO_FULL_STANDARD_SHADER UNITY_PBS_USE_BRDF2 SHADER_API_MOBILE ok=1
Cmd: compileSnippet
  api=5 type=0 insize=3695 outsize=2680 kw=POINT pd=UNITY_NO_DXT5nm UNITY_NO_RGBM UNITY_NO_SCREENSPACE_SHADOWS UNITY_NO_LINEAR_COLORSPACE UNITY_ENABLE_REFLECTION_BUFFERS UNITY_FRAMEBUFFER_FETCH_AVAILABLE UNITY_NO_FULL_STANDARD_SHADER UNITY_PBS_USE_BRDF2 SHADER_API_MOBILE ok=1
Cmd: compileSnippet
  api=5 type=0 insize=3695 outsize=3146 kw=SPOT pd=UNITY_NO_DXT5nm UNITY_NO_RGBM UNITY_NO_SCREENSPACE_SHADOWS UNITY_NO_LINEAR_COLORSPACE UNITY_ENABLE_REFLECTION_BUFFERS UNITY_FRAMEBUFFER_FETCH_AVAILABLE UNITY_NO_FULL_STANDARD_SHADER UNITY_PBS_USE_BRDF2 SHADER_API_MOBILE ok=1
Cmd: compileSnippet
  api=9 type=0 insize=3695 outsize=8521 kw=DIRECTIONAL_COOKIE pd=UNITY_NO_DXT5nm UNITY_NO_RGBM UNITY_NO_SCREENSPACE_SHADOWS UNITY_NO_LINEAR_COLORSPACE UNITY_ENABLE_REFLECTION_BUFFERS UNITY_FRAMEBUFFER_FETCH_AVAILABLE UNITY_PBS_USE_BRDF2 SHADER_API_MOBILE ok=1
Cmd: compileSnippet
  api=5 type=1 insize=3695 outsize=0 kw=POINT pd=UNITY_NO_DXT5nm UNITY_NO_RGBM UNITY_NO_SCREENSPACE_SHADOWS UNITY_NO_LINEAR_COLORSPACE UNITY_ENABLE_REFLECTION_BUFFERS UNITY_FRAMEBUFFER_FETCH_AVAILABLE UNITY_NO_FULL_STANDARD_SHADER UNITY_PBS_USE_BRDF2 SHADER_API_MOBILE ok=1
Cmd: compileSnippet
  api=5 type=1 insize=3695 outsize=0 kw=SPOT pd=UNITY_NO_DXT5nm UNITY_NO_RGBM UNITY_NO_SCREENSPACE_SHADOWS UNITY_NO_LINEAR_COLORSPACE UNITY_ENABLE_REFLECTION_BUFFERS UNITY_FRAMEBUFFER_FETCH_AVAILABLE UNITY_NO_FULL_STANDARD_SHADER UNITY_PBS_USE_BRDF2 SHADER_API_MOBILE ok=1
Cmd: compileSnippet
  api=5 type=1 insize=3695 outsize=0 kw=DIRECTIONAL_COOKIE pd=UNITY_NO_DXT5nm UNITY_NO_RGBM UNITY_NO_SCREENSPACE_SHADOWS UNITY_NO_LINEAR_COLORSPACE UNITY_ENABLE_REFLECTION_BUFFERS UNITY_FRAMEBUFFER_FETCH_AVAILABLE UNITY_NO_FULL_STANDARD_SHADER UNITY_PBS_USE_BRDF2 SHADER_API_MOBILE ok=1
Cmd: compileSnippet
  api=5 type=0 insize=2902 outsize=1322 kw= pd=UNITY_NO_DXT5nm UNITY_NO_RGBM UNITY_NO_SCREENSPACE_SHADOWS UNITY_NO_LINEAR_COLORSPACE UNITY_ENABLE_REFLECTION_BUFFERS UNITY_FRAMEBUFFER_FETCH_AVAILABLE UNITY_NO_FULL_STANDARD_SHADER UNITY_PBS_USE_BRDF2 SHADER_API_MOBILE ok=1
Cmd: compileSnippet
  api=5 type=1 insize=2902 outsize=0 kw= pd=UNITY_NO_DXT5nm UNITY_NO_RGBM UNITY_NO_SCREENSPACE_SHADOWS UNITY_NO_LINEAR_COLORSPACE UNITY_ENABLE_REFLECTION_BUFFERS UNITY_FRAMEBUFFER_FETCH_AVAILABLE UNITY_NO_FULL_STANDARD_SHADER UNITY_PBS_USE_BRDF2 SHADER_API_MOBILE ok=1
Cmd: compileSnippet
  api=5 type=0 insize=5962 outsize=3448 kw=LIGHTMAP_OFF DIRLIGHTMAP_OFF DYNAMICLIGHTMAP_OFF HDR_LIGHT_PREPASS_OFF pd=UNITY_NO_DXT5nm UNITY_NO_RGBM UNITY_NO_SCREENSPACE_SHADOWS UNITY_NO_LINEAR_COLORSPACE UNITY_ENABLE_REFLECTION_BUFFERS UNITY_FRAMEBUFFER_FETCH_AVAILABLE UNITY_NO_FULL_STANDARD_SHADER UNITY_PBS_USE_BRDF2 SHADER_API_MOBILE ok=1
Cmd: compileSnippet
  api=5 type=1 insize=5962 outsize=0 kw=LIGHTMAP_OFF DIRLIGHTMAP_OFF DYNAMICLIGHTMAP_OFF HDR_LIGHT_PREPASS_OFF pd=UNITY_NO_DXT5nm UNITY_NO_RGBM UNITY_NO_SCREENSPACE_SHADOWS UNITY_NO_LINEAR_COLORSPACE UNITY_ENABLE_REFLECTION_BUFFERS UNITY_FRAMEBUFFER_FETCH_AVAILABLE UNITY_NO_FULL_STANDARD_SHADER UNITY_PBS_USE_BRDF2 SHADER_API_MOBILE ok=1
Cmd: compileSnippet
  api=5 type=0 insize=1275 outsize=3528 kw=POINT SHADOWS_OFF pd=UNITY_NO_DXT5nm UNITY_NO_RGBM UNITY_NO_SCREENSPACE_SHADOWS UNITY_NO_LINEAR_COLORSPACE UNITY_ENABLE_REFLECTION_BUFFERS UNITY_FRAMEBUFFER_FETCH_AVAILABLE UNITY_NO_FULL_STANDARD_SHADER UNITY_PBS_USE_BRDF2 SHADER_API_MOBILE ok=1
Cmd: compileSnippet
  api=9 type=0 insize=1275 outsize=10493 kw=SPOT SHADOWS_OFF pd=UNITY_NO_DXT5nm UNITY_NO_RGBM UNITY_NO_SCREENSPACE_SHADOWS UNITY_NO_LINEAR_COLORSPACE UNITY_ENABLE_REFLECTION_BUFFERS UNITY_FRAMEBUFFER_FETCH_AVAILABLE UNITY_PBS_USE_BRDF2 SHADER_API_MOBILE ok=1
Cmd: compileSnippet
  api=5 type=0 insize=1275 outsize=4933 kw=SPOT SHADOWS_DEPTH SHADOWS_NONATIVE pd=UNITY_NO_DXT5nm UNITY_NO_RGBM UNITY_NO_SCREENSPACE_SHADOWS UNITY_NO_LINEAR_COLORSPACE UNITY_ENABLE_REFLECTION_BUFFERS UNITY_FRAMEBUFFER_FETCH_AVAILABLE UNITY_NO_FULL_STANDARD_SHADER UNITY_PBS_USE_BRDF2 SHADER_API_MOBILE ok=1
Cmd: compileSnippet
  api=5 type=0 insize=1275 outsize=4033 kw=DIRECTIONAL_COOKIE SHADOWS_SCREEN pd=UNITY_NO_DXT5nm UNITY_NO_RGBM UNITY_NO_SCREENSPACE_SHADOWS UNITY_NO_LINEAR_COLORSPACE UNITY_ENABLE_REFLECTION_BUFFERS UNITY_FRAMEBUFFER_FETCH_AVAILABLE UNITY_NO_FULL_STANDARD_SHADER UNITY_PBS_USE_BRDF2 SHADER_API_MOBILE ok=1
Cmd: compileSnippet
  api=9 type=0 insize=1275 outsize=10863 kw=POINT_COOKIE SHADOWS_CUBE pd=UNITY_NO_DXT5nm UNITY_NO_RGBM UNITY_NO_SCREENSPACE_SHADOWS UNITY_NO_LINEAR_COLORSPACE UNITY_ENABLE_REFLECTION_BUFFERS UNITY_FRAMEBUFFER_FETCH_AVAILABLE UNITY_PBS_USE_BRDF2 SHADER_API_MOBILE ok=1
Cmd: compileSnippet
  api=5 type=0 insize=1275 outsize=5356 kw=POINT SHADOWS_CUBE SHADOWS_SOFT pd=UNITY_NO_DXT5nm UNITY_NO_RGBM UNITY_NO_SCREENSPACE_SHADOWS UNITY_NO_LINEAR_COLORSPACE UNITY_ENABLE_REFLECTION_BUFFERS UNITY_FRAMEBUFFER_FETCH_AVAILABLE UNITY_NO_FULL_STANDARD_SHADER UNITY_PBS_USE_BRDF2 SHADER_API_MOBILE ok=1
Cmd: compileSnippet
  api=9 type=0 insize=1275 outsize=11714 kw=POINT_COOKIE SHADOWS_CUBE SHADOWS_SOFT pd=UNITY_NO_DXT5nm UNITY_NO_RGBM UNITY_NO_SCREENSPACE_SHADOWS UNITY_NO_LINEAR_COLORSPACE UNITY_ENABLE_REFLECTION_BUFFERS UNITY_FRAMEBUFFER_FETCH_AVAILABLE UNITY_PBS_USE_BRDF2 SHADER_API_MOBILE ok=1
Cmd: compileSnippet
  api=5 type=1 insize=1275 outsize=0 kw=POINT SHADOWS_OFF pd=UNITY_NO_DXT5nm UNITY_NO_RGBM UNITY_NO_SCREENSPACE_SHADOWS UNITY_NO_LINEAR_COLORSPACE UNITY_ENABLE_REFLECTION_BUFFERS UNITY_FRAMEBUFFER_FETCH_AVAILABLE UNITY_NO_FULL_STANDARD_SHADER UNITY_PBS_USE_BRDF2 SHADER_API_MOBILE ok=1
Cmd: compileSnippet
  api=9 type=1 insize=1275 outsize=0 kw=SPOT SHADOWS_OFF pd=UNITY_NO_DXT5nm UNITY_NO_RGBM UNITY_NO_SCREENSPACE_SHADOWS UNITY_NO_LINEAR_COLORSPACE UNITY_ENABLE_REFLECTION_BUFFERS UNITY_FRAMEBUFFER_FETCH_AVAILABLE UNITY_PBS_USE_BRDF2 SHADER_API_MOBILE ok=1
Cmd: compileSnippet
  api=5 type=1 insize=1275 outsize=0 kw=DIRECTIONAL_COOKIE SHADOWS_OFF pd=UNITY_NO_DXT5nm UNITY_NO_RGBM UNITY_NO_SCREENSPACE_SHADOWS UNITY_NO_LINEAR_COLORSPACE UNITY_ENABLE_REFLECTION_BUFFERS UNITY_FRAMEBUFFER_FETCH_AVAILABLE UNITY_NO_FULL_STANDARD_SHADER UNITY_PBS_USE_BRDF2 SHADER_API_MOBILE ok=1
Cmd: compileSnippet
  api=9 type=1 insize=1275 outsize=0 kw=SPOT SHADOWS_DEPTH SHADOWS_NATIVE pd=UNITY_NO_DXT5nm UNITY_NO_RGBM UNITY_NO_SCREENSPACE_SHADOWS UNITY_NO_LINEAR_COLORSPACE UNITY_ENABLE_REFLECTION_BUFFERS UNITY_FRAMEBUFFER_FETCH_AVAILABLE UNITY_PBS_USE_BRDF2 SHADER_API_MOBILE ok=1
Cmd: compileSnippet
  api=9 type=1 insize=1275 outsize=0 kw=POINT SHADOWS_CUBE pd=UNITY_NO_DXT5nm UNITY_NO_RGBM UNITY_NO_SCREENSPACE_SHADOWS UNITY_NO_LINEAR_COLORSPACE UNITY_ENABLE_REFLECTION_BUFFERS UNITY_FRAMEBUFFER_FETCH_AVAILABLE UNITY_PBS_USE_BRDF2 SHADER_API_MOBILE ok=1
Cmd: compileSnippet
  api=9 type=1 insize=1275 outsize=0 kw=SPOT SHADOWS_DEPTH SHADOWS_SOFT SHADOWS_NATIVE pd=UNITY_NO_DXT5nm UNITY_NO_RGBM UNITY_NO_SCREENSPACE_SHADOWS UNITY_NO_LINEAR_COLORSPACE UNITY_ENABLE_REFLECTION_BUFFERS UNITY_FRAMEBUFFER_FETCH_AVAILABLE UNITY_PBS_USE_BRDF2 SHADER_API_MOBILE ok=1
Cmd: compileSnippet
  api=9 type=1 insize=1275 outsize=0 kw=POINT_COOKIE SHADOWS_CUBE SHADOWS_SOFT pd=UNITY_NO_DXT5nm UNITY_NO_RGBM UNITY_NO_SCREENSPACE_SHADOWS UNITY_NO_LINEAR_COLORSPACE UNITY_ENABLE_REFLECTION_BUFFERS UNITY_FRAMEBUFFER_FETCH_AVAILABLE UNITY_PBS_USE_BRDF2 SHADER_API_MOBILE ok=1
Cmd: compileSnippet
  api=9 type=1 insize=1275 outsize=0 kw=DIRECTIONAL_COOKIE SHADOWS_SCREEN SHADOWS_NATIVE pd=UNITY_NO_DXT5nm UNITY_NO_RGBM UNITY_NO_SCREENSPACE_SHADOWS UNITY_NO_LINEAR_COLORSPACE UNITY_ENABLE_REFLECTION_BUFFERS UNITY_FRAMEBUFFER_FETCH_AVAILABLE UNITY_PBS_USE_BRDF2 SHADER_API_MOBILE ok=1
Cmd: compileSnippet
  api=5 type=0 insize=1268 outsize=3468 kw=POINT SHADOWS_OFF pd=UNITY_NO_DXT5nm UNITY_NO_RGBM UNITY_NO_SCREENSPACE_SHADOWS UNITY_NO_LINEAR_COLORSPACE UNITY_ENABLE_REFLECTION_BUFFERS UNITY_FRAMEBUFFER_FETCH_AVAILABLE UNITY_NO_FULL_STANDARD_SHADER UNITY_PBS_USE_BRDF2 SHADER_API_MOBILE ok=1
Cmd: compileSnippet
  api=5 type=0 insize=1268 outsize=3981 kw=SPOT SHADOWS_OFF pd=UNITY_NO_DXT5nm UNITY_NO_RGBM UNITY_NO_SCREENSPACE_SHADOWS UNITY_NO_LINEAR_COLORSPACE UNITY_ENABLE_REFLECTION_BUFFERS UNITY_FRAMEBUFFER_FETCH_AVAILABLE UNITY_NO_FULL_STANDARD_SHADER UNITY_PBS_USE_BRDF2 SHADER_API_MOBILE ok=1
Cmd: compileSnippet
  api=5 type=0 insize=1268 outsize=3526 kw=DIRECTIONAL_COOKIE SHADOWS_OFF pd=UNITY_NO_DXT5nm UNITY_NO_RGBM UNITY_NO_SCREENSPACE_SHADOWS UNITY_NO_LINEAR_COLORSPACE UNITY_ENABLE_REFLECTION_BUFFERS UNITY_FRAMEBUFFER_FETCH_AVAILABLE UNITY_NO_FULL_STANDARD_SHADER UNITY_PBS_USE_BRDF2 SHADER_API_MOBILE ok=1
Cmd: compileSnippet
  api=5 type=0 insize=1268 outsize=4873 kw=SPOT SHADOWS_DEPTH SHADOWS_NONATIVE pd=UNITY_NO_DXT5nm UNITY_NO_RGBM UNITY_NO_SCREENSPACE_SHADOWS UNITY_NO_LINEAR_COLORSPACE UNITY_ENABLE_REFLECTION_BUFFERS UNITY_FRAMEBUFFER_FETCH_AVAILABLE UNITY_NO_FULL_STANDARD_SHADER UNITY_PBS_USE_BRDF2 SHADER_API_MOBILE ok=1
Cmd: compileSnippet
  api=5 type=0 insize=1268 outsize=3973 kw=DIRECTIONAL_COOKIE SHADOWS_SCREEN pd=UNITY_NO_DXT5nm UNITY_NO_RGBM UNITY_NO_SCREENSPACE_SHADOWS UNITY_NO_LINEAR_COLORSPACE UNITY_ENABLE_REFLECTION_BUFFERS UNITY_FRAMEBUFFER_FETCH_AVAILABLE UNITY_NO_FULL_STANDARD_SHADER UNITY_PBS_USE_BRDF2 SHADER_API_MOBILE ok=1
Cmd: compileSnippet
  api=9 type=0 insize=1268 outsize=10796 kw=POINT_COOKIE SHADOWS_CUBE pd=UNITY_NO_DXT5nm UNITY_NO_RGBM UNITY_NO_SCREENSPACE_SHADOWS UNITY_NO_LINEAR_COLORSPACE UNITY_ENABLE_REFLECTION_BUFFERS UNITY_FRAMEBUFFER_FETCH_AVAILABLE UNITY_PBS_USE_BRDF2 SHADER_API_MOBILE ok=1
Cmd: compileSnippet
  api=9 type=0 insize=1268 outsize=11290 kw=POINT SHADOWS_CUBE SHADOWS_SOFT pd=UNITY_NO_DXT5nm UNITY_NO_RGBM UNITY_NO_SCREENSPACE_SHADOWS UNITY_NO_LINEAR_COLORSPACE UNITY_ENABLE_REFLECTION_BUFFERS UNITY_FRAMEBUFFER_FETCH_AVAILABLE UNITY_PBS_USE_BRDF2 SHADER_API_MOBILE ok=1
Cmd: compileSnippet
  api=9 type=0 insize=1268 outsize=9919 kw=DIRECTIONAL SHADOWS_SCREEN SHADOWS_NATIVE pd=UNITY_NO_DXT5nm UNITY_NO_RGBM UNITY_NO_SCREENSPACE_SHADOWS UNITY_NO_LINEAR_COLORSPACE UNITY_ENABLE_REFLECTION_BUFFERS UNITY_FRAMEBUFFER_FETCH_AVAILABLE UNITY_PBS_USE_BRDF2 SHADER_API_MOBILE ok=1
Cmd: compileSnippet
  api=5 type=1 insize=1268 outsize=0 kw=POINT SHADOWS_OFF pd=UNITY_NO_DXT5nm UNITY_NO_RGBM UNITY_NO_SCREENSPACE_SHADOWS UNITY_NO_LINEAR_COLORSPACE UNITY_ENABLE_REFLECTION_BUFFERS UNITY_FRAMEBUFFER_FETCH_AVAILABLE UNITY_NO_FULL_STANDARD_SHADER UNITY_PBS_USE_BRDF2 SHADER_API_MOBILE ok=1
Cmd: compileSnippet
  api=9 type=1 insize=1268 outsize=0 kw=SPOT SHADOWS_OFF pd=UNITY_NO_DXT5nm UNITY_NO_RGBM UNITY_NO_SCREENSPACE_SHADOWS UNITY_NO_LINEAR_COLORSPACE UNITY_ENABLE_REFLECTION_BUFFERS UNITY_FRAMEBUFFER_FETCH_AVAILABLE UNITY_PBS_USE_BRDF2 SHADER_API_MOBILE ok=1
Cmd: compileSnippet
  api=5 type=1 insize=1268 outsize=0 kw=DIRECTIONAL_COOKIE SHADOWS_OFF pd=UNITY_NO_DXT5nm UNITY_NO_RGBM UNITY_NO_SCREENSPACE_SHADOWS UNITY_NO_LINEAR_COLORSPACE UNITY_ENABLE_REFLECTION_BUFFERS UNITY_FRAMEBUFFER_FETCH_AVAILABLE UNITY_NO_FULL_STANDARD_SHADER UNITY_PBS_USE_BRDF2 SHADER_API_MOBILE ok=1
Cmd: compileSnippet
  api=9 type=1 insize=1268 outsize=0 kw=SPOT SHADOWS_DEPTH SHADOWS_NATIVE pd=UNITY_NO_DXT5nm UNITY_NO_RGBM UNITY_NO_SCREENSPACE_SHADOWS UNITY_NO_LINEAR_COLORSPACE UNITY_ENABLE_REFLECTION_BUFFERS UNITY_FRAMEBUFFER_FETCH_AVAILABLE UNITY_PBS_USE_BRDF2 SHADER_API_MOBILE ok=1
Cmd: compileSnippet
  api=9 type=1 insize=1268 outsize=0 kw=POINT SHADOWS_CUBE pd=UNITY_NO_DXT5nm UNITY_NO_RGBM UNITY_NO_SCREENSPACE_SHADOWS UNITY_NO_LINEAR_COLORSPACE UNITY_ENABLE_REFLECTION_BUFFERS UNITY_FRAMEBUFFER_FETCH_AVAILABLE UNITY_PBS_USE_BRDF2 SHADER_API_MOBILE ok=1
Cmd: compileSnippet
  api=5 type=1 insize=1268 outsize=0 kw=POINT SHADOWS_CUBE SHADOWS_SOFT pd=UNITY_NO_DXT5nm UNITY_NO_RGBM UNITY_NO_SCREENSPACE_SHADOWS UNITY_NO_LINEAR_COLORSPACE UNITY_ENABLE_REFLECTION_BUFFERS UNITY_FRAMEBUFFER_FETCH_AVAILABLE UNITY_NO_FULL_STANDARD_SHADER UNITY_PBS_USE_BRDF2 SHADER_API_MOBILE ok=1
Cmd: compileSnippet
  api=5 type=1 insize=1268 outsize=0 kw=DIRECTIONAL SHADOWS_SCREEN SHADOWS_NATIVE pd=UNITY_NO_DXT5nm UNITY_NO_RGBM UNITY_NO_SCREENSPACE_SHADOWS UNITY_NO_LINEAR_COLORSPACE UNITY_ENABLE_REFLECTION_BUFFERS UNITY_FRAMEBUFFER_FETCH_AVAILABLE UNITY_NO_FULL_STANDARD_SHADER UNITY_PBS_USE_BRDF2 SHADER_API_MOBILE ok=1
Cmd: compileSnippet
  api=9 type=1 insize=1268 outsize=0 kw=DIRECTIONAL_COOKIE SHADOWS_SCREEN SHADOWS_NATIVE pd=UNITY_NO_DXT5nm UNITY_NO_RGBM UNITY_NO_SCREENSPACE_SHADOWS UNITY_NO_LINEAR_COLORSPACE UNITY_ENABLE_REFLECTION_BUFFERS UNITY_FRAMEBUFFER_FETCH_AVAILABLE UNITY_PBS_USE_BRDF2 SHADER_API_MOBILE ok=1
Cmd: compileSnippet
  api=5 type=0 insize=1273 outsize=3473 kw=POINT SHADOWS_OFF pd=UNITY_NO_DXT5nm UNITY_NO_RGBM UNITY_NO_SCREENSPACE_SHADOWS UNITY_NO_LINEAR_COLORSPACE UNITY_ENABLE_REFLECTION_BUFFERS UNITY_FRAMEBUFFER_FETCH_AVAILABLE UNITY_NO_FULL_STANDARD_SHADER UNITY_PBS_USE_BRDF2 SHADER_API_MOBILE ok=1
Cmd: compileSnippet
  api=5 type=0 insize=1273 outsize=3986 kw=SPOT SHADOWS_OFF pd=UNITY_NO_DXT5nm UNITY_NO_RGBM UNITY_NO_SCREENSPACE_SHADOWS UNITY_NO_LINEAR_COLORSPACE UNITY_ENABLE_REFLECTION_BUFFERS UNITY_FRAMEBUFFER_FETCH_AVAILABLE UNITY_NO_FULL_STANDARD_SHADER UNITY_PBS_USE_BRDF2 SHADER_API_MOBILE ok=1
Cmd: compileSnippet
  api=5 type=0 insize=1273 outsize=3531 kw=DIRECTIONAL_COOKIE SHADOWS_OFF pd=UNITY_NO_DXT5nm UNITY_NO_RGBM UNITY_NO_SCREENSPACE_SHADOWS UNITY_NO_LINEAR_COLORSPACE UNITY_ENABLE_REFLECTION_BUFFERS UNITY_FRAMEBUFFER_FETCH_AVAILABLE UNITY_NO_FULL_STANDARD_SHADER UNITY_PBS_USE_BRDF2 SHADER_API_MOBILE ok=1
Cmd: compileSnippet
  api=9 type=0 insize=1273 outsize=11201 kw=SPOT SHADOWS_DEPTH SHADOWS_NATIVE pd=UNITY_NO_DXT5nm UNITY_NO_RGBM UNITY_NO_SCREENSPACE_SHADOWS UNITY_NO_LINEAR_COLORSPACE UNITY_ENABLE_REFLECTION_BUFFERS UNITY_FRAMEBUFFER_FETCH_AVAILABLE UNITY_PBS_USE_BRDF2 SHADER_API_MOBILE ok=1
Cmd: compileSnippet
  api=9 type=0 insize=1273 outsize=10480 kw=POINT SHADOWS_CUBE pd=UNITY_NO_DXT5nm UNITY_NO_RGBM UNITY_NO_SCREENSPACE_SHADOWS UNITY_NO_LINEAR_COLORSPACE UNITY_ENABLE_REFLECTION_BUFFERS UNITY_FRAMEBUFFER_FETCH_AVAILABLE UNITY_PBS_USE_BRDF2 SHADER_API_MOBILE ok=1
Cmd: compileSnippet
  api=9 type=0 insize=1273 outsize=11866 kw=SPOT SHADOWS_DEPTH SHADOWS_SOFT SHADOWS_NATIVE pd=UNITY_NO_DXT5nm UNITY_NO_RGBM UNITY_NO_SCREENSPACE_SHADOWS UNITY_NO_LINEAR_COLORSPACE UNITY_ENABLE_REFLECTION_BUFFERS UNITY_FRAMEBUFFER_FETCH_AVAILABLE UNITY_PBS_USE_BRDF2 SHADER_API_MOBILE ok=1
Cmd: compileSnippet
  api=5 type=0 insize=1273 outsize=3607 kw=DIRECTIONAL SHADOWS_SCREEN SHADOWS_NATIVE pd=UNITY_NO_DXT5nm UNITY_NO_RGBM UNITY_NO_SCREENSPACE_SHADOWS UNITY_NO_LINEAR_COLORSPACE UNITY_ENABLE_REFLECTION_BUFFERS UNITY_FRAMEBUFFER_FETCH_AVAILABLE UNITY_NO_FULL_STANDARD_SHADER UNITY_PBS_USE_BRDF2 SHADER_API_MOBILE ok=1
Cmd: compileSnippet
  api=5 type=0 insize=1273 outsize=3978 kw=DIRECTIONAL_COOKIE SHADOWS_SCREEN SHADOWS_NATIVE pd=UNITY_NO_DXT5nm UNITY_NO_RGBM UNITY_NO_SCREENSPACE_SHADOWS UNITY_NO_LINEAR_COLORSPACE UNITY_ENABLE_REFLECTION_BUFFERS UNITY_FRAMEBUFFER_FETCH_AVAILABLE UNITY_NO_FULL_STANDARD_SHADER UNITY_PBS_USE_BRDF2 SHADER_API_MOBILE ok=1
Cmd: compileSnippet
  api=5 type=1 insize=1273 outsize=0 kw=POINT SHADOWS_OFF pd=UNITY_NO_DXT5nm UNITY_NO_RGBM UNITY_NO_SCREENSPACE_SHADOWS UNITY_NO_LINEAR_COLORSPACE UNITY_ENABLE_REFLECTION_BUFFERS UNITY_FRAMEBUFFER_FETCH_AVAILABLE UNITY_NO_FULL_STANDARD_SHADER UNITY_PBS_USE_BRDF2 SHADER_API_MOBILE ok=1
Cmd: compileSnippet
  api=9 type=1 insize=1273 outsize=0 kw=SPOT SHADOWS_OFF pd=UNITY_NO_DXT5nm UNITY_NO_RGBM UNITY_NO_SCREENSPACE_SHADOWS UNITY_NO_LINEAR_COLORSPACE UNITY_ENABLE_REFLECTION_BUFFERS UNITY_FRAMEBUFFER_FETCH_AVAILABLE UNITY_PBS_USE_BRDF2 SHADER_API_MOBILE ok=1
Cmd: compileSnippet
  api=5 type=1 insize=1273 outsize=0 kw=SPOT SHADOWS_DEPTH SHADOWS_NATIVE pd=UNITY_NO_DXT5nm UNITY_NO_RGBM UNITY_NO_SCREENSPACE_SHADOWS UNITY_NO_LINEAR_COLORSPACE UNITY_ENABLE_REFLECTION_BUFFERS UNITY_FRAMEBUFFER_FETCH_AVAILABLE UNITY_NO_FULL_STANDARD_SHADER UNITY_PBS_USE_BRDF2 SHADER_API_MOBILE ok=1
Cmd: compileSnippet
  api=5 type=1 insize=1273 outsize=0 kw=POINT SHADOWS_CUBE pd=UNITY_NO_DXT5nm UNITY_NO_RGBM UNITY_NO_SCREENSPACE_SHADOWS UNITY_NO_LINEAR_COLORSPACE UNITY_ENABLE_REFLECTION_BUFFERS UNITY_FRAMEBUFFER_FETCH_AVAILABLE UNITY_NO_FULL_STANDARD_SHADER UNITY_PBS_USE_BRDF2 SHADER_API_MOBILE ok=1
Cmd: compileSnippet
  api=5 type=1 insize=1273 outsize=0 kw=SPOT SHADOWS_DEPTH SHADOWS_SOFT SHADOWS_NONATIVE pd=UNITY_NO_DXT5nm UNITY_NO_RGBM UNITY_NO_SCREENSPACE_SHADOWS UNITY_NO_LINEAR_COLORSPACE UNITY_ENABLE_REFLECTION_BUFFERS UNITY_FRAMEBUFFER_FETCH_AVAILABLE UNITY_NO_FULL_STANDARD_SHADER UNITY_PBS_USE_BRDF2 SHADER_API_MOBILE ok=1
Cmd: compileSnippet
  api=9 type=1 insize=1273 outsize=0 kw=POINT SHADOWS_CUBE SHADOWS_SOFT pd=UNITY_NO_DXT5nm UNITY_NO_RGBM UNITY_NO_SCREENSPACE_SHADOWS UNITY_NO_LINEAR_COLORSPACE UNITY_ENABLE_REFLECTION_BUFFERS UNITY_FRAMEBUFFER_FETCH_AVAILABLE UNITY_PBS_USE_BRDF2 SHADER_API_MOBILE ok=1
Cmd: compileSnippet
  api=9 type=1 insize=1273 outsize=0 kw=DIRECTIONAL SHADOWS_SCREEN SHADOWS_NATIVE pd=UNITY_NO_DXT5nm UNITY_NO_RGBM UNITY_NO_SCREENSPACE_SHADOWS UNITY_NO_LINEAR_COLORSPACE UNITY_ENABLE_REFLECTION_BUFFERS UNITY_FRAMEBUFFER_FETCH_AVAILABLE UNITY_PBS_USE_BRDF2 SHADER_API_MOBILE ok=1
Cmd: compileSnippet
  api=5 type=0 insize=1934 outsize=4137 kw=POINT SHADOWS_OFF pd=UNITY_NO_DXT5nm UNITY_NO_RGBM UNITY_NO_SCREENSPACE_SHADOWS UNITY_NO_LINEAR_COLORSPACE UNITY_ENABLE_REFLECTION_BUFFERS UNITY_FRAMEBUFFER_FETCH_AVAILABLE UNITY_NO_FULL_STANDARD_SHADER UNITY_PBS_USE_BRDF2 SHADER_API_MOBILE ok=1
Cmd: compileSnippet
  api=9 type=0 insize=1934 outsize=11370 kw=SPOT SHADOWS_OFF pd=UNITY_NO_DXT5nm UNITY_NO_RGBM UNITY_NO_SCREENSPACE_SHADOWS UNITY_NO_LINEAR_COLORSPACE UNITY_ENABLE_REFLECTION_BUFFERS UNITY_FRAMEBUFFER_FETCH_AVAILABLE UNITY_PBS_USE_BRDF2 SHADER_API_MOBILE ok=1
Cmd: compileSnippet
  api=5 type=0 insize=1934 outsize=5711 kw=SPOT SHADOWS_DEPTH SHADOWS_NONATIVE pd=UNITY_NO_DXT5nm UNITY_NO_RGBM UNITY_NO_SCREENSPACE_SHADOWS UNITY_NO_LINEAR_COLORSPACE UNITY_ENABLE_REFLECTION_BUFFERS UNITY_FRAMEBUFFER_FETCH_AVAILABLE UNITY_NO_FULL_STANDARD_SHADER UNITY_PBS_USE_BRDF2 SHADER_API_MOBILE ok=1
Cmd: compileSnippet
  api=5 type=0 insize=1934 outsize=4444 kw=DIRECTIONAL SHADOWS_SCREEN pd=UNITY_NO_DXT5nm UNITY_NO_RGBM UNITY_NO_SCREENSPACE_SHADOWS UNITY_NO_LINEAR_COLORSPACE UNITY_ENABLE_REFLECTION_BUFFERS UNITY_FRAMEBUFFER_FETCH_AVAILABLE UNITY_NO_FULL_STANDARD_SHADER UNITY_PBS_USE_BRDF2 SHADER_API_MOBILE ok=1
Cmd: compileSnippet
  api=9 type=0 insize=1934 outsize=11700 kw=POINT_COOKIE SHADOWS_CUBE pd=UNITY_NO_DXT5nm UNITY_NO_RGBM UNITY_NO_SCREENSPACE_SHADOWS UNITY_NO_LINEAR_COLORSPACE UNITY_ENABLE_REFLECTION_BUFFERS UNITY_FRAMEBUFFER_FETCH_AVAILABLE UNITY_PBS_USE_BRDF2 SHADER_API_MOBILE ok=1
Cmd: compileSnippet
  api=5 type=0 insize=1934 outsize=5915 kw=POINT SHADOWS_CUBE SHADOWS_SOFT pd=UNITY_NO_DXT5nm UNITY_NO_RGBM UNITY_NO_SCREENSPACE_SHADOWS UNITY_NO_LINEAR_COLORSPACE UNITY_ENABLE_REFLECTION_BUFFERS UNITY_FRAMEBUFFER_FETCH_AVAILABLE UNITY_NO_FULL_STANDARD_SHADER UNITY_PBS_USE_BRDF2 SHADER_API_MOBILE ok=1
Cmd: compileSnippet
  api=5 type=0 insize=1934 outsize=4444 kw=DIRECTIONAL SHADOWS_SCREEN SHADOWS_NATIVE pd=UNITY_NO_DXT5nm UNITY_NO_RGBM UNITY_NO_SCREENSPACE_SHADOWS UNITY_NO_LINEAR_COLORSPACE UNITY_ENABLE_REFLECTION_BUFFERS UNITY_FRAMEBUFFER_FETCH_AVAILABLE UNITY_NO_FULL_STANDARD_SHADER UNITY_PBS_USE_BRDF2 SHADER_API_MOBILE ok=1
Cmd: compileSnippet
  api=9 type=0 insize=1934 outsize=11311 kw=DIRECTIONAL_COOKIE SHADOWS_SCREEN SHADOWS_NATIVE pd=UNITY_NO_DXT5nm UNITY_NO_RGBM UNITY_NO_SCREENSPACE_SHADOWS UNITY_NO_LINEAR_COLORSPACE UNITY_ENABLE_REFLECTION_BUFFERS UNITY_FRAMEBUFFER_FETCH_AVAILABLE UNITY_PBS_USE_BRDF2 SHADER_API_MOBILE ok=1
Cmd: compileSnippet
  api=9 type=0 insize=1934 outsize=11292 kw=SPOT SHADOWS_OFF UNITY_HDR_ON pd=UNITY_NO_DXT5nm UNITY_NO_RGBM UNITY_NO_SCREENSPACE_SHADOWS UNITY_NO_LINEAR_COLORSPACE UNITY_ENABLE_REFLECTION_BUFFERS UNITY_FRAMEBUFFER_FETCH_AVAILABLE UNITY_PBS_USE_BRDF2 SHADER_API_MOBILE ok=1
Cmd: compileSnippet
  api=9 type=0 insize=1934 outsize=10727 kw=DIRECTIONAL_COOKIE SHADOWS_OFF UNITY_HDR_ON pd=UNITY_NO_DXT5nm UNITY_NO_RGBM UNITY_NO_SCREENSPACE_SHADOWS UNITY_NO_LINEAR_COLORSPACE UNITY_ENABLE_REFLECTION_BUFFERS UNITY_FRAMEBUFFER_FETCH_AVAILABLE UNITY_PBS_USE_BRDF2 SHADER_API_MOBILE ok=1
Cmd: compileSnippet
  api=5 type=0 insize=1934 outsize=4335 kw=DIRECTIONAL SHADOWS_SCREEN UNITY_HDR_ON pd=UNITY_NO_DXT5nm UNITY_NO_RGBM UNITY_NO_SCREENSPACE_SHADOWS UNITY_NO_LINEAR_COLORSPACE UNITY_ENABLE_REFLECTION_BUFFERS UNITY_FRAMEBUFFER_FETCH_AVAILABLE UNITY_NO_FULL_STANDARD_SHADER UNITY_PBS_USE_BRDF2 SHADER_API_MOBILE ok=1
Cmd: compileSnippet
  api=9 type=0 insize=1934 outsize=11242 kw=POINT SHADOWS_CUBE UNITY_HDR_ON pd=UNITY_NO_DXT5nm UNITY_NO_RGBM UNITY_NO_SCREENSPACE_SHADOWS UNITY_NO_LINEAR_COLORSPACE UNITY_ENABLE_REFLECTION_BUFFERS UNITY_FRAMEBUFFER_FETCH_AVAILABLE UNITY_PBS_USE_BRDF2 SHADER_API_MOBILE ok=1
Cmd: compileSnippet
  api=5 type=0 insize=1934 outsize=6453 kw=SPOT SHADOWS_DEPTH SHADOWS_SOFT SHADOWS_NATIVE UNITY_HDR_ON pd=UNITY_NO_DXT5nm UNITY_NO_RGBM UNITY_NO_SCREENSPACE_SHADOWS UNITY_NO_LINEAR_COLORSPACE UNITY_ENABLE_REFLECTION_BUFFERS UNITY_FRAMEBUFFER_FETCH_AVAILABLE UNITY_NO_FULL_STANDARD_SHADER UNITY_PBS_USE_BRDF2 SHADER_API_MOBILE ok=1
Cmd: compileSnippet
  api=5 type=0 insize=1934 outsize=6176 kw=POINT_COOKIE SHADOWS_CUBE SHADOWS_SOFT UNITY_HDR_ON pd=UNITY_NO_DXT5nm UNITY_NO_RGBM UNITY_NO_SCREENSPACE_SHADOWS UNITY_NO_LINEAR_COLORSPACE UNITY_ENABLE_REFLECTION_BUFFERS UNITY_FRAMEBUFFER_FETCH_AVAILABLE UNITY_NO_FULL_STANDARD_SHADER UNITY_PBS_USE_BRDF2 SHADER_API_MOBILE ok=1
Cmd: compileSnippet
  api=5 type=0 insize=1934 outsize=4705 kw=DIRECTIONAL_COOKIE SHADOWS_SCREEN SHADOWS_NATIVE UNITY_HDR_ON pd=UNITY_NO_DXT5nm UNITY_NO_RGBM UNITY_NO_SCREENSPACE_SHADOWS UNITY_NO_LINEAR_COLORSPACE UNITY_ENABLE_REFLECTION_BUFFERS UNITY_FRAMEBUFFER_FETCH_AVAILABLE UNITY_NO_FULL_STANDARD_SHADER UNITY_PBS_USE_BRDF2 SHADER_API_MOBILE ok=1
Cmd: compileSnippet
  api=5 type=1 insize=1934 outsize=0 kw=POINT SHADOWS_OFF pd=UNITY_NO_DXT5nm UNITY_NO_RGBM UNITY_NO_SCREENSPACE_SHADOWS UNITY_NO_LINEAR_COLORSPACE UNITY_ENABLE_REFLECTION_BUFFERS UNITY_FRAMEBUFFER_FETCH_AVAILABLE UNITY_NO_FULL_STANDARD_SHADER UNITY_PBS_USE_BRDF2 SHADER_API_MOBILE ok=1
Cmd: compileSnippet
  api=5 type=1 insize=1934 outsize=0 kw=POINT_COOKIE SHADOWS_OFF pd=UNITY_NO_DXT5nm UNITY_NO_RGBM UNITY_NO_SCREENSPACE_SHADOWS UNITY_NO_LINEAR_COLORSPACE UNITY_ENABLE_REFLECTION_BUFFERS UNITY_FRAMEBUFFER_FETCH_AVAILABLE UNITY_NO_FULL_STANDARD_SHADER UNITY_PBS_USE_BRDF2 SHADER_API_MOBILE ok=1
Cmd: compileSnippet
  api=5 type=1 insize=1934 outsize=0 kw=SPOT SHADOWS_DEPTH SHADOWS_NATIVE pd=UNITY_NO_DXT5nm UNITY_NO_RGBM UNITY_NO_SCREENSPACE_SHADOWS UNITY_NO_LINEAR_COLORSPACE UNITY_ENABLE_REFLECTION_BUFFERS UNITY_FRAMEBUFFER_FETCH_AVAILABLE UNITY_NO_FULL_STANDARD_SHADER UNITY_PBS_USE_BRDF2 SHADER_API_MOBILE ok=1
Cmd: compileSnippet
  api=5 type=1 insize=1934 outsize=0 kw=POINT SHADOWS_CUBE pd=UNITY_NO_DXT5nm UNITY_NO_RGBM UNITY_NO_SCREENSPACE_SHADOWS UNITY_NO_LINEAR_COLORSPACE UNITY_ENABLE_REFLECTION_BUFFERS UNITY_FRAMEBUFFER_FETCH_AVAILABLE UNITY_NO_FULL_STANDARD_SHADER UNITY_PBS_USE_BRDF2 SHADER_API_MOBILE ok=1
Cmd: compileSnippet
  api=5 type=1 insize=1934 outsize=0 kw=SPOT SHADOWS_DEPTH SHADOWS_SOFT SHADOWS_NONATIVE pd=UNITY_NO_DXT5nm UNITY_NO_RGBM UNITY_NO_SCREENSPACE_SHADOWS UNITY_NO_LINEAR_COLORSPACE UNITY_ENABLE_REFLECTION_BUFFERS UNITY_FRAMEBUFFER_FETCH_AVAILABLE UNITY_NO_FULL_STANDARD_SHADER UNITY_PBS_USE_BRDF2 SHADER_API_MOBILE ok=1
Cmd: compileSnippet
  api=9 type=1 insize=1934 outsize=0 kw=POINT SHADOWS_CUBE SHADOWS_SOFT pd=UNITY_NO_DXT5nm UNITY_NO_RGBM UNITY_NO_SCREENSPACE_SHADOWS UNITY_NO_LINEAR_COLORSPACE UNITY_ENABLE_REFLECTION_BUFFERS UNITY_FRAMEBUFFER_FETCH_AVAILABLE UNITY_PBS_USE_BRDF2 SHADER_API_MOBILE ok=1
Cmd: compileSnippet
  api=9 type=1 insize=1934 outsize=0 kw=DIRECTIONAL SHADOWS_SCREEN SHADOWS_NATIVE pd=UNITY_NO_DXT5nm UNITY_NO_RGBM UNITY_NO_SCREENSPACE_SHADOWS UNITY_NO_LINEAR_COLORSPACE UNITY_ENABLE_REFLECTION_BUFFERS UNITY_FRAMEBUFFER_FETCH_AVAILABLE UNITY_PBS_USE_BRDF2 SHADER_API_MOBILE ok=1
Cmd: compileSnippet
  api=9 type=1 insize=1934 outsize=0 kw=DIRECTIONAL_COOKIE SHADOWS_SCREEN SHADOWS_NATIVE pd=UNITY_NO_DXT5nm UNITY_NO_RGBM UNITY_NO_SCREENSPACE_SHADOWS UNITY_NO_LINEAR_COLORSPACE UNITY_ENABLE_REFLECTION_BUFFERS UNITY_FRAMEBUFFER_FETCH_AVAILABLE UNITY_PBS_USE_BRDF2 SHADER_API_MOBILE ok=1
Cmd: compileSnippet
  api=5 type=1 insize=1934 outsize=0 kw=DIRECTIONAL SHADOWS_OFF UNITY_HDR_ON pd=UNITY_NO_DXT5nm UNITY_NO_RGBM UNITY_NO_SCREENSPACE_SHADOWS UNITY_NO_LINEAR_COLORSPACE UNITY_ENABLE_REFLECTION_BUFFERS UNITY_FRAMEBUFFER_FETCH_AVAILABLE UNITY_NO_FULL_STANDARD_SHADER UNITY_PBS_USE_BRDF2 SHADER_API_MOBILE ok=1
Cmd: compileSnippet
  api=5 type=1 insize=1934 outsize=0 kw=POINT_COOKIE SHADOWS_OFF UNITY_HDR_ON pd=UNITY_NO_DXT5nm UNITY_NO_RGBM UNITY_NO_SCREENSPACE_SHADOWS UNITY_NO_LINEAR_COLORSPACE UNITY_ENABLE_REFLECTION_BUFFERS UNITY_FRAMEBUFFER_FETCH_AVAILABLE UNITY_NO_FULL_STANDARD_SHADER UNITY_PBS_USE_BRDF2 SHADER_API_MOBILE ok=1
Cmd: compileSnippet
  api=5 type=1 insize=1934 outsize=0 kw=SPOT SHADOWS_DEPTH SHADOWS_NATIVE UNITY_HDR_ON pd=UNITY_NO_DXT5nm UNITY_NO_RGBM UNITY_NO_SCREENSPACE_SHADOWS UNITY_NO_LINEAR_COLORSPACE UNITY_ENABLE_REFLECTION_BUFFERS UNITY_FRAMEBUFFER_FETCH_AVAILABLE UNITY_NO_FULL_STANDARD_SHADER UNITY_PBS_USE_BRDF2 SHADER_API_MOBILE ok=1
Cmd: compileSnippet
  api=5 type=1 insize=1934 outsize=0 kw=POINT SHADOWS_CUBE UNITY_HDR_ON pd=UNITY_NO_DXT5nm UNITY_NO_RGBM UNITY_NO_SCREENSPACE_SHADOWS UNITY_NO_LINEAR_COLORSPACE UNITY_ENABLE_REFLECTION_BUFFERS UNITY_FRAMEBUFFER_FETCH_AVAILABLE UNITY_NO_FULL_STANDARD_SHADER UNITY_PBS_USE_BRDF2 SHADER_API_MOBILE ok=1
Cmd: compileSnippet
  api=5 type=1 insize=1934 outsize=0 kw=SPOT SHADOWS_DEPTH SHADOWS_SOFT UNITY_HDR_ON SHADOWS_NONATIVE pd=UNITY_NO_DXT5nm UNITY_NO_RGBM UNITY_NO_SCREENSPACE_SHADOWS UNITY_NO_LINEAR_COLORSPACE UNITY_ENABLE_REFLECTION_BUFFERS UNITY_FRAMEBUFFER_FETCH_AVAILABLE UNITY_NO_FULL_STANDARD_SHADER UNITY_PBS_USE_BRDF2 SHADER_API_MOBILE ok=1
Cmd: compileSnippet
  api=9 type=1 insize=1934 outsize=0 kw=POINT SHADOWS_CUBE SHADOWS_SOFT UNITY_HDR_ON pd=UNITY_NO_DXT5nm UNITY_NO_RGBM UNITY_NO_SCREENSPACE_SHADOWS UNITY_NO_LINEAR_COLORSPACE UNITY_ENABLE_REFLECTION_BUFFERS UNITY_FRAMEBUFFER_FETCH_AVAILABLE UNITY_PBS_USE_BRDF2 SHADER_API_MOBILE ok=1
Cmd: compileSnippet
  api=9 type=1 insize=1934 outsize=0 kw=DIRECTIONAL SHADOWS_SCREEN SHADOWS_NATIVE UNITY_HDR_ON pd=UNITY_NO_DXT5nm UNITY_NO_RGBM UNITY_NO_SCREENSPACE_SHADOWS UNITY_NO_LINEAR_COLORSPACE UNITY_ENABLE_REFLECTION_BUFFERS UNITY_FRAMEBUFFER_FETCH_AVAILABLE UNITY_PBS_USE_BRDF2 SHADER_API_MOBILE ok=1
Cmd: compileSnippet
  api=5 type=0 insize=683 outsize=507 kw= pd=UNITY_NO_DXT5nm UNITY_NO_RGBM UNITY_NO_SCREENSPACE_SHADOWS UNITY_NO_LINEAR_COLORSPACE UNITY_ENABLE_REFLECTION_BUFFERS UNITY_FRAMEBUFFER_FETCH_AVAILABLE UNITY_NO_FULL_STANDARD_SHADER UNITY_PBS_USE_BRDF2 SHADER_API_MOBILE ok=1
Cmd: compileSnippet
  api=5 type=1 insize=683 outsize=0 kw= pd=UNITY_NO_DXT5nm UNITY_NO_RGBM UNITY_NO_SCREENSPACE_SHADOWS UNITY_NO_LINEAR_COLORSPACE UNITY_ENABLE_REFLECTION_BUFFERS UNITY_FRAMEBUFFER_FETCH_AVAILABLE UNITY_NO_FULL_STANDARD_SHADER UNITY_PBS_USE_BRDF2 SHADER_API_MOBILE ok=1
Cmd: compileSnippet
  api=5 type=0 insize=3264 outsize=4628 kw= pd=UNITY_NO_DXT5nm UNITY_NO_RGBM UNITY_NO_SCREENSPACE_SHADOWS UNITY_NO_LINEAR_COLORSPACE UNITY_ENABLE_REFLECTION_BUFFERS UNITY_FRAMEBUFFER_FETCH_AVAILABLE UNITY_NO_FULL_STANDARD_SHADER UNITY_PBS_USE_BRDF2 SHADER_API_MOBILE ok=1
Cmd: compileSnippet
  api=5 type=1 insize=3264 outsize=0 kw= pd=UNITY_NO_DXT5nm UNITY_NO_RGBM UNITY_NO_SCREENSPACE_SHADOWS UNITY_NO_LINEAR_COLORSPACE UNITY_ENABLE_REFLECTION_BUFFERS UNITY_FRAMEBUFFER_FETCH_AVAILABLE UNITY_NO_FULL_STANDARD_SHADER UNITY_PBS_USE_BRDF2 SHADER_API_MOBILE ok=1
Cmd: compileSnippet
  api=5 type=0 insize=859 outsize=907 kw= pd=UNITY_NO_DXT5nm UNITY_NO_RGBM UNITY_NO_SCREENSPACE_SHADOWS UNITY_NO_LINEAR_COLORSPACE UNITY_ENABLE_REFLECTION_BUFFERS UNITY_FRAMEBUFFER_FETCH_AVAILABLE UNITY_NO_FULL_STANDARD_SHADER UNITY_PBS_USE_BRDF2 SHADER_API_MOBILE ok=1
Cmd: compileSnippet
  api=5 type=1 insize=859 outsize=0 kw= pd=UNITY_NO_DXT5nm UNITY_NO_RGBM UNITY_NO_SCREENSPACE_SHADOWS UNITY_NO_LINEAR_COLORSPACE UNITY_ENABLE_REFLECTION_BUFFERS UNITY_FRAMEBUFFER_FETCH_AVAILABLE UNITY_NO_FULL_STANDARD_SHADER UNITY_PBS_USE_BRDF2 SHADER_API_MOBILE ok=1
Cmd: compileSnippet
  api=5 type=0 insize=1420 outsize=1416 kw= pd=UNITY_NO_DXT5nm UNITY_NO_RGBM UNITY_NO_SCREENSPACE_SHADOWS UNITY_NO_LINEAR_COLORSPACE UNITY_ENABLE_REFLECTION_BUFFERS UNITY_FRAMEBUFFER_FETCH_AVAILABLE UNITY_NO_FULL_STANDARD_SHADER UNITY_PBS_USE_BRDF2 SHADER_API_MOBILE ok=1
Cmd: compileSnippet
  api=5 type=1 insize=1420 outsize=0 kw= pd=UNITY_NO_DXT5nm UNITY_NO_RGBM UNITY_NO_SCREENSPACE_SHADOWS UNITY_NO_LINEAR_COLORSPACE UNITY_ENABLE_REFLECTION_BUFFERS UNITY_FRAMEBUFFER_FETCH_AVAILABLE UNITY_NO_FULL_STANDARD_SHADER UNITY_PBS_USE_BRDF2 SHADER_API_MOBILE ok=1
Cmd: compileSnippet
  api=5 type=0 insize=6657 outsize=992 kw= pd=UNITY_NO_DXT5nm UNITY_NO_RGBM UNITY_NO_SCREENSPACE_SHADOWS UNITY_NO_LINEAR_COLORSPACE UNITY_ENABLE_REFLECTION_BUFFERS UNITY_FRAMEBUFFER_FETCH_AVAILABLE UNITY_NO_FULL_STANDARD_SHADER UNITY_PBS_USE_BRDF2 SHADER_API_MOBILE ok=1
Cmd: compileSnippet
  api=5 type=1 insize=6657 outsize=0 kw= pd=UNITY_NO_DXT5nm UNITY_NO_RGBM UNITY_NO_SCREENSPACE_SHADOWS UNITY_NO_LINEAR_COLORSPACE UNITY_ENABLE_REFLECTION_BUFFERS UNITY_FRAMEBUFFER_FETCH_AVAILABLE UNITY_NO_FULL_STANDARD_SHADER UNITY_PBS_USE_BRDF2 SHADER_API_MOBILE ok=1
Cmd: compileSnippet
  api=5 type=0 insize=6657 outsize=684 kw= pd=UNITY_NO_DXT5nm UNITY_NO_RGBM UNITY_NO_SCREENSPACE_SHADOWS UNITY_NO_LINEAR_COLORSPACE UNITY_ENABLE_REFLECTION_BUFFERS UNITY_FRAMEBUFFER_FETCH_AVAILABLE UNITY_NO_FULL_STANDARD_SHADER UNITY_PBS_USE_BRDF2 SHADER_API_MOBILE ok=1
Cmd: compileSnippet
  api=5 type=1 insize=6657 outsize=0 kw= pd=UNITY_NO_DXT5nm UNITY_NO_RGBM UNITY_NO_SCREENSPACE_SHADOWS UNITY_NO_LINEAR_COLORSPACE UNITY_ENABLE_REFLECTION_BUFFERS UNITY_FRAMEBUFFER_FETCH_AVAILABLE UNITY_NO_FULL_STANDARD_SHADER UNITY_PBS_USE_BRDF2 SHADER_API_MOBILE ok=1
Cmd: compileSnippet
  api=5 type=0 insize=701 outsize=890 kw= pd=UNITY_NO_DXT5nm UNITY_NO_RGBM UNITY_NO_SCREENSPACE_SHADOWS UNITY_NO_LINEAR_COLORSPACE UNITY_ENABLE_REFLECTION_BUFFERS UNITY_FRAMEBUFFER_FETCH_AVAILABLE UNITY_NO_FULL_STANDARD_SHADER UNITY_PBS_USE_BRDF2 SHADER_API_MOBILE ok=1
Cmd: compileSnippet
  api=5 type=1 insize=701 outsize=0 kw= pd=UNITY_NO_DXT5nm UNITY_NO_RGBM UNITY_NO_SCREENSPACE_SHADOWS UNITY_NO_LINEAR_COLORSPACE UNITY_ENABLE_REFLECTION_BUFFERS UNITY_FRAMEBUFFER_FETCH_AVAILABLE UNITY_NO_FULL_STANDARD_SHADER UNITY_PBS_USE_BRDF2 SHADER_API_MOBILE ok=1
Cmd: compileSnippet
  api=5 type=0 insize=701 outsize=582 kw= pd=UNITY_NO_DXT5nm UNITY_NO_RGBM UNITY_NO_SCREENSPACE_SHADOWS UNITY_NO_LINEAR_COLORSPACE UNITY_ENABLE_REFLECTION_BUFFERS UNITY_FRAMEBUFFER_FETCH_AVAILABLE UNITY_NO_FULL_STANDARD_SHADER UNITY_PBS_USE_BRDF2 SHADER_API_MOBILE ok=1
Cmd: compileSnippet
  api=5 type=1 insize=701 outsize=0 kw= pd=UNITY_NO_DXT5nm UNITY_NO_RGBM UNITY_NO_SCREENSPACE_SHADOWS UNITY_NO_LINEAR_COLORSPACE UNITY_ENABLE_REFLECTION_BUFFERS UNITY_FRAMEBUFFER_FETCH_AVAILABLE UNITY_NO_FULL_STANDARD_SHADER UNITY_PBS_USE_BRDF2 SHADER_API_MOBILE ok=1
Cmd: compileSnippet
  api=5 type=0 insize=1032 outsize=1505 kw= pd=UNITY_NO_DXT5nm UNITY_NO_RGBM UNITY_NO_SCREENSPACE_SHADOWS UNITY_NO_LINEAR_COLORSPACE UNITY_ENABLE_REFLECTION_BUFFERS UNITY_FRAMEBUFFER_FETCH_AVAILABLE UNITY_NO_FULL_STANDARD_SHADER UNITY_PBS_USE_BRDF2 SHADER_API_MOBILE ok=1
Cmd: compileSnippet
  api=5 type=1 insize=1032 outsize=0 kw= pd=UNITY_NO_DXT5nm UNITY_NO_RGBM UNITY_NO_SCREENSPACE_SHADOWS UNITY_NO_LINEAR_COLORSPACE UNITY_ENABLE_REFLECTION_BUFFERS UNITY_FRAMEBUFFER_FETCH_AVAILABLE UNITY_NO_FULL_STANDARD_SHADER UNITY_PBS_USE_BRDF2 SHADER_API_MOBILE ok=1
Cmd: compileSnippet
  api=5 type=0 insize=1032 outsize=1182 kw= pd=UNITY_NO_DXT5nm UNITY_NO_RGBM UNITY_NO_SCREENSPACE_SHADOWS UNITY_NO_LINEAR_COLORSPACE UNITY_ENABLE_REFLECTION_BUFFERS UNITY_FRAMEBUFFER_FETCH_AVAILABLE UNITY_NO_FULL_STANDARD_SHADER UNITY_PBS_USE_BRDF2 SHADER_API_MOBILE ok=1
Cmd: compileSnippet
  api=5 type=1 insize=1032 outsize=0 kw= pd=UNITY_NO_DXT5nm UNITY_NO_RGBM UNITY_NO_SCREENSPACE_SHADOWS UNITY_NO_LINEAR_COLORSPACE UNITY_ENABLE_REFLECTION_BUFFERS UNITY_FRAMEBUFFER_FETCH_AVAILABLE UNITY_NO_FULL_STANDARD_SHADER UNITY_PBS_USE_BRDF2 SHADER_API_MOBILE ok=1
Cmd: compileSnippet
  api=4 type=0 insize=1704 outsize=657 kw= pd=UNITY_NO_SCREENSPACE_SHADOWS UNITY_ENABLE_REFLECTION_BUFFERS UNITY_PBS_USE_BRDF1 UNITY_SPECCUBE_BOX_PROJECTION UNITY_SPECCUBE_BLENDING ok=1
Cmd: compileSnippet
  api=4 type=1 insize=1704 outsize=493 kw= pd=UNITY_NO_SCREENSPACE_SHADOWS UNITY_ENABLE_REFLECTION_BUFFERS UNITY_PBS_USE_BRDF1 UNITY_SPECCUBE_BOX_PROJECTION UNITY_SPECCUBE_BLENDING ok=1
Cmd: compileSnippet
  api=4 type=0 insize=937 outsize=629 kw= pd=UNITY_NO_SCREENSPACE_SHADOWS UNITY_ENABLE_REFLECTION_BUFFERS UNITY_PBS_USE_BRDF1 UNITY_SPECCUBE_BOX_PROJECTION UNITY_SPECCUBE_BLENDING ok=1
Cmd: compileSnippet
  api=4 type=1 insize=937 outsize=421 kw= pd=UNITY_NO_SCREENSPACE_SHADOWS UNITY_ENABLE_REFLECTION_BUFFERS UNITY_PBS_USE_BRDF1 UNITY_SPECCUBE_BOX_PROJECTION UNITY_SPECCUBE_BLENDING ok=1
Cmd: compileSnippet
  api=4 type=0 insize=1151 outsize=453 kw= pd=UNITY_NO_SCREENSPACE_SHADOWS UNITY_ENABLE_REFLECTION_BUFFERS UNITY_PBS_USE_BRDF1 UNITY_SPECCUBE_BOX_PROJECTION UNITY_SPECCUBE_BLENDING ok=1
Cmd: compileSnippet
  api=4 type=1 insize=1151 outsize=249 kw= pd=UNITY_NO_SCREENSPACE_SHADOWS UNITY_ENABLE_REFLECTION_BUFFERS UNITY_PBS_USE_BRDF1 UNITY_SPECCUBE_BOX_PROJECTION UNITY_SPECCUBE_BLENDING ok=1
